12:00:30.107 INFO LIFECYCLE waiting for game process...
12:00:30.130 INFO LIFECYCLE game found pid=42868
12:00:30.132 DEBUG CONN local_eps={('127.0.0.1', 63552), ('0.0.0.0', 24024), ('10.0.0.193', 64749), ('0.0.0.0', 55354), ('127.0.0.1', 63551), ('0.0.0.0', 63546), ('10.0.0.193', 63549)} remote_eps={('127.0.0.1', 63552), ('0.0.0.0', 0), ('178.156.151.197', 443), ('127.0.0.1', 63551)} local_ports={24024, 63546, 55354}
12:00:30.132 INFO CAPTURE binding to 10.0.0.193
12:00:30.133 INFO CAPTURE raw socket active
12:00:30.138 INFO KEYS acquired aes=32 bytes
12:00:30.151 DEBUG MSG 0x0210 len=27
12:00:30.152 DEBUG MSG 0x0210 len=27
12:00:30.152 DEBUG MSG 0x0210 len=41
12:00:30.152 DEBUG MSG 0x0210 len=41
12:00:30.192 DEBUG MSG 0x0210 len=41
12:00:30.192 DEBUG MSG 0x0210 len=41
12:00:30.192 DEBUG MSG 0x0210 len=41
12:00:30.192 DEBUG MSG 0x0210 len=41
12:00:30.193 DEBUG MSG 0x0210 len=41
12:00:30.193 DEBUG MSG 0x0210 len=41
12:00:30.193 DEBUG MSG 0x0210 len=41
12:00:30.193 DEBUG MSG 0x0210 len=41
12:00:30.193 DEBUG MSG 0x0210 len=41
12:00:30.193 DEBUG MSG 0x0210 len=41
12:00:30.193 DEBUG MSG 0x0210 len=41
12:00:30.193 DEBUG MSG 0x0210 len=41
12:00:30.193 DEBUG MSG 0x0210 len=41
12:00:30.194 DEBUG MSG 0x0210 len=41
12:00:30.194 DEBUG MSG 0x0210 len=41
12:00:30.194 DEBUG MSG 0x0210 len=41
12:00:30.194 DEBUG MSG 0x0210 len=41
12:00:30.194 DEBUG MSG 0x0210 len=41
12:00:30.194 DEBUG MSG 0x0210 len=41
12:00:30.194 DEBUG MSG 0x0210 len=41
12:00:30.194 DEBUG MSG 0x0210 len=41
12:00:30.195 DEBUG MSG 0x0210 len=41
12:00:30.195 DEBUG MSG 0x0210 len=41
12:00:30.195 DEBUG MSG 0x0210 len=41
12:00:30.238 DEBUG MSG 0x0210 len=41
12:00:30.238 DEBUG MSG 0x0210 len=41
12:00:30.238 DEBUG MSG 0x0210 len=41
12:00:30.238 DEBUG MSG 0x0210 len=41
12:00:30.239 DEBUG MSG 0x0210 len=41
12:00:30.239 DEBUG MSG 0x0210 len=41
12:00:30.239 DEBUG MSG 0x0210 len=41
12:00:30.239 DEBUG MSG 0x0210 len=41
12:00:30.239 DEBUG MSG 0x0210 len=41
12:00:30.239 DEBUG MSG 0x0210 len=41
12:00:30.239 DEBUG MSG 0x0210 len=41
12:00:30.240 DEBUG MSG 0x0210 len=41
12:00:30.240 DEBUG MSG 0x0210 len=41
12:00:30.240 DEBUG MSG 0x0210 len=41
12:00:30.240 DEBUG MSG 0x0210 len=41
12:00:30.240 DEBUG MSG 0x0210 len=41
12:00:30.240 DEBUG MSG 0x0210 len=41
12:00:30.241 DEBUG MSG 0x0210 len=41
12:00:30.241 DEBUG MSG 0x0210 len=41
12:00:30.241 DEBUG MSG 0x0210 len=41
12:00:30.241 DEBUG MSG 0x0210 len=41
12:00:30.241 DEBUG MSG 0x0210 len=27
12:00:30.241 DEBUG MSG 0x0210 len=41
12:00:30.241 DEBUG MSG 0x0210 len=41
12:00:30.241 DEBUG MSG 0x0210 len=41
12:00:30.241 DEBUG MSG 0x0210 len=41
12:00:30.242 DEBUG MSG 0x0210 len=41
12:00:30.242 DEBUG MSG 0x0210 len=41
12:00:30.242 DEBUG MSG 0x0210 len=41
12:00:30.242 DEBUG MSG 0x0210 len=41
12:00:30.242 DEBUG MSG 0x0210 len=41
12:00:30.242 DEBUG MSG 0x0210 len=41
12:00:30.242 DEBUG MSG 0x0210 len=41
12:00:30.243 DEBUG MSG 0x0210 len=41
12:00:30.243 DEBUG MSG 0x0210 len=41
12:00:30.243 DEBUG MSG 0x0210 len=27
12:00:30.243 DEBUG MSG 0x0210 len=41
12:00:30.243 DEBUG MSG 0x0210 len=41
12:00:30.243 DEBUG MSG 0x0210 len=41
12:00:30.243 DEBUG MSG 0x0210 len=41
12:00:30.250 DEBUG MSG 0x0010 len=43
12:00:30.283 DEBUG MSG 0x0210 len=41
12:00:30.283 DEBUG MSG 0x0210 len=41
12:00:30.283 DEBUG MSG 0x0210 len=41
12:00:30.283 DEBUG MSG 0x0210 len=41
12:00:30.283 DEBUG MSG 0x0210 len=27
12:00:30.283 DEBUG MSG 0x0210 len=27
12:00:30.284 DEBUG MSG 0x0210 len=41
12:00:30.284 DEBUG MSG 0x0210 len=27
12:00:30.284 DEBUG MSG 0x0210 len=41
12:00:30.284 DEBUG MSG 0x0210 len=41
12:00:30.284 DEBUG MSG 0x0210 len=41
12:00:30.284 DEBUG MSG 0x0210 len=27
12:00:30.284 DEBUG MSG 0x0210 len=41
12:00:30.284 DEBUG MSG 0x0210 len=27
12:00:30.284 DEBUG MSG 0x0210 len=27
12:00:30.297 DEBUG MSG 0x0210 len=27
12:00:30.297 DEBUG MSG 0x0210 len=41
12:00:30.299 DEBUG MSG 0x0210 len=41
12:00:30.299 DEBUG MSG 0x0210 len=27
12:00:30.299 DEBUG MSG 0x0210 len=27
12:00:30.299 DEBUG MSG 0x0210 len=41
12:00:30.299 DEBUG MSG 0x0210 len=27
12:00:30.299 DEBUG MSG 0x0210 len=27
12:00:30.299 DEBUG MSG 0x0210 len=41
12:00:30.299 DEBUG MSG 0x0210 len=41
12:00:30.328 DEBUG MSG 0x0210 len=41
12:00:30.328 DEBUG MSG 0x0210 len=41
12:00:30.329 DEBUG MSG 0x0210 len=41
12:00:30.329 DEBUG MSG 0x0210 len=41
12:00:30.329 DEBUG MSG 0x0210 len=41
12:00:30.330 DEBUG MSG 0x0210 len=41
12:00:30.330 DEBUG MSG 0x0210 len=41
12:00:30.343 DEBUG MSG 0x0053 len=59
12:00:30.343 DEBUG MSG 0x0210 len=41
12:00:30.344 DEBUG MSG 0x0210 len=41
12:00:30.344 DEBUG MSG 0x0210 len=41
12:00:30.344 DEBUG MSG 0x0210 len=41
12:00:30.344 DEBUG MSG 0x0210 len=41
12:00:30.344 DEBUG MSG 0x0210 len=41
12:00:30.344 DEBUG MSG 0x0210 len=41
12:00:30.344 DEBUG MSG 0x0210 len=41
12:00:30.344 DEBUG MSG 0x0210 len=41
12:00:30.345 DEBUG MSG 0x0210 len=41
12:00:30.345 DEBUG MSG 0x0210 len=41
12:00:30.345 DEBUG MSG 0x0210 len=41
12:00:30.345 DEBUG MSG 0x0210 len=41
12:00:30.345 DEBUG MSG 0x0210 len=41
12:00:30.345 DEBUG MSG 0x0210 len=41
12:00:30.345 DEBUG MSG 0x0210 len=41
12:00:30.345 DEBUG MSG 0x0210 len=41
12:00:30.346 DEBUG MSG 0x0010 len=43
12:00:30.389 DEBUG MSG 0x0210 len=41
12:00:30.390 DEBUG MSG 0x0210 len=41
12:00:30.390 DEBUG MSG 0x0210 len=41
12:00:30.390 DEBUG MSG 0x0210 len=41
12:00:30.391 DEBUG MSG 0x0210 len=41
12:00:30.391 DEBUG MSG 0x0210 len=27
12:00:30.391 DEBUG MSG 0x0210 len=41
12:00:30.391 DEBUG MSG 0x0210 len=41
12:00:30.392 DEBUG MSG 0x0210 len=41
12:00:30.392 DEBUG MSG 0x0210 len=41
12:00:30.392 DEBUG MSG 0x0210 len=41
12:00:30.393 DEBUG MSG 0x0210 len=41
12:00:30.393 DEBUG MSG 0x0210 len=41
12:00:30.393 DEBUG MSG 0x0210 len=41
12:00:30.393 DEBUG MSG 0x0210 len=41
12:00:30.394 DEBUG MSG 0x0210 len=41
12:00:30.394 DEBUG MSG 0x0210 len=41
12:00:30.394 DEBUG MSG 0x0210 len=41
12:00:30.394 DEBUG MSG 0x0210 len=41
12:00:30.395 DEBUG MSG 0x0210 len=41
12:00:30.395 DEBUG MSG 0x0210 len=41
12:00:30.395 DEBUG MSG 0x0210 len=41
12:00:30.395 DEBUG MSG 0x0210 len=41
12:00:30.395 DEBUG MSG 0x0210 len=41
12:00:30.396 DEBUG MSG 0x0210 len=41
12:00:30.396 DEBUG MSG 0x0210 len=41
12:00:30.396 DEBUG MSG 0x0210 len=41
12:00:30.396 DEBUG MSG 0x0210 len=41
12:00:30.397 DEBUG MSG 0x0210 len=41
12:00:30.397 DEBUG MSG 0x0210 len=41
12:00:30.397 DEBUG MSG 0x0210 len=41
12:00:30.397 DEBUG MSG 0x0210 len=27
12:00:30.397 DEBUG MSG 0x0210 len=41
12:00:30.397 DEBUG MSG 0x0210 len=41
12:00:30.398 DEBUG MSG 0x0210 len=41
12:00:30.398 DEBUG MSG 0x0210 len=41
12:00:30.398 DEBUG MSG 0x0210 len=41
12:00:30.398 DEBUG MSG 0x0210 len=41
12:00:30.399 DEBUG MSG 0x0210 len=41
12:00:30.399 DEBUG MSG 0x0210 len=41
12:00:30.434 DEBUG MSG 0x0210 len=41
12:00:30.434 DEBUG MSG 0x0210 len=41
12:00:30.434 DEBUG MSG 0x0210 len=41
12:00:30.434 DEBUG MSG 0x0210 len=41
12:00:30.435 DEBUG MSG 0x0210 len=27
12:00:30.435 DEBUG MSG 0x0210 len=27
12:00:30.435 DEBUG MSG 0x0210 len=41
12:00:30.435 DEBUG MSG 0x0210 len=27
12:00:30.435 DEBUG MSG 0x0210 len=41
12:00:30.435 DEBUG MSG 0x0210 len=41
12:00:30.435 DEBUG MSG 0x0210 len=41
12:00:30.435 DEBUG MSG 0x0210 len=27
12:00:30.436 DEBUG MSG 0x0210 len=41
12:00:30.436 DEBUG MSG 0x0210 len=27
12:00:30.436 DEBUG MSG 0x0210 len=27
12:00:30.436 DEBUG MSG 0x0210 len=27
12:00:30.436 DEBUG MSG 0x0210 len=41
12:00:30.436 DEBUG MSG 0x0210 len=41
12:00:30.436 DEBUG MSG 0x0210 len=27
12:00:30.436 DEBUG MSG 0x0210 len=27
12:00:30.437 DEBUG MSG 0x0210 len=41
12:00:30.437 DEBUG MSG 0x0210 len=27
12:00:30.437 DEBUG MSG 0x0210 len=27
12:00:30.437 DEBUG MSG 0x0210 len=41
12:00:30.437 DEBUG MSG 0x0210 len=41
12:00:30.452 DEBUG MSG 0x0010 len=43
12:00:30.479 DEBUG MSG 0x0210 len=41
12:00:30.479 DEBUG MSG 0x0210 len=41
12:00:30.479 DEBUG MSG 0x0210 len=41
12:00:30.479 DEBUG MSG 0x0210 len=41
12:00:30.480 DEBUG MSG 0x0210 len=41
12:00:30.480 DEBUG MSG 0x0210 len=41
12:00:30.480 DEBUG MSG 0x0210 len=41
12:00:30.480 DEBUG MSG 0x0210 len=41
12:00:30.480 DEBUG MSG 0x0210 len=41
12:00:30.480 DEBUG MSG 0x0210 len=41
12:00:30.480 DEBUG MSG 0x0210 len=41
12:00:30.480 DEBUG MSG 0x0210 len=41
12:00:30.480 DEBUG MSG 0x0210 len=41
12:00:30.480 DEBUG MSG 0x0210 len=41
12:00:30.494 DEBUG MSG 0x0210 len=41
12:00:30.495 DEBUG MSG 0x0210 len=41
12:00:30.495 DEBUG MSG 0x0210 len=41
12:00:30.495 DEBUG MSG 0x0210 len=41
12:00:30.495 DEBUG MSG 0x0210 len=41
12:00:30.495 DEBUG MSG 0x0210 len=41
12:00:30.495 DEBUG MSG 0x0210 len=41
12:00:30.495 DEBUG MSG 0x0210 len=41
12:00:30.495 DEBUG MSG 0x0210 len=41
12:00:30.495 DEBUG MSG 0x0210 len=41
12:00:30.540 DEBUG MSG 0x0210 len=41
12:00:30.540 DEBUG MSG 0x0210 len=41
12:00:30.541 DEBUG MSG 0x0210 len=41
12:00:30.541 DEBUG MSG 0x0210 len=41
12:00:30.541 DEBUG MSG 0x0210 len=41
12:00:30.541 DEBUG MSG 0x0210 len=41
12:00:30.541 DEBUG MSG 0x0210 len=41
12:00:30.541 DEBUG MSG 0x0210 len=41
12:00:30.541 DEBUG MSG 0x0210 len=41
12:00:30.542 DEBUG MSG 0x0210 len=41
12:00:30.542 DEBUG MSG 0x0210 len=41
12:00:30.542 DEBUG MSG 0x0210 len=41
12:00:30.542 DEBUG MSG 0x0210 len=27
12:00:30.542 DEBUG MSG 0x0210 len=41
12:00:30.542 DEBUG MSG 0x0210 len=41
12:00:30.542 DEBUG MSG 0x0210 len=41
12:00:30.542 DEBUG MSG 0x0210 len=41
12:00:30.542 DEBUG MSG 0x0210 len=41
12:00:30.543 DEBUG MSG 0x0210 len=41
12:00:30.543 DEBUG MSG 0x0210 len=41
12:00:30.543 DEBUG MSG 0x0210 len=41
12:00:30.543 DEBUG MSG 0x0210 len=41
12:00:30.543 DEBUG MSG 0x0210 len=41
12:00:30.543 DEBUG MSG 0x0210 len=41
12:00:30.543 DEBUG MSG 0x0210 len=41
12:00:30.543 DEBUG MSG 0x0210 len=27
12:00:30.543 DEBUG MSG 0x0210 len=41
12:00:30.544 DEBUG MSG 0x0210 len=41
12:00:30.544 DEBUG MSG 0x0210 len=41
12:00:30.544 DEBUG MSG 0x0210 len=41
12:00:30.544 DEBUG MSG 0x0210 len=41
12:00:30.544 DEBUG MSG 0x0210 len=41
12:00:30.544 DEBUG MSG 0x0210 len=41
12:00:30.545 DEBUG MSG 0x0210 len=41
12:00:30.545 DEBUG MSG 0x0210 len=41
12:00:30.545 DEBUG MSG 0x0210 len=41
12:00:30.545 DEBUG MSG 0x0210 len=41
12:00:30.545 DEBUG MSG 0x0210 len=41
12:00:30.545 DEBUG MSG 0x0210 len=41
12:00:30.545 DEBUG MSG 0x0210 len=41
12:00:30.559 DEBUG MSG 0x0010 len=43
12:00:30.586 DEBUG MSG 0x0210 len=41
12:00:30.587 DEBUG MSG 0x0210 len=41
12:00:30.588 DEBUG MSG 0x0210 len=41
12:00:30.588 DEBUG MSG 0x0210 len=41
12:00:30.588 DEBUG MSG 0x0210 len=27
12:00:30.588 DEBUG MSG 0x0210 len=27
12:00:30.588 DEBUG MSG 0x0210 len=41
12:00:30.588 DEBUG MSG 0x0210 len=27
12:00:30.588 DEBUG MSG 0x0210 len=41
12:00:30.588 DEBUG MSG 0x0210 len=41
12:00:30.588 DEBUG MSG 0x0210 len=41
12:00:30.589 DEBUG MSG 0x0210 len=27
12:00:30.589 DEBUG MSG 0x0210 len=41
12:00:30.589 DEBUG MSG 0x0210 len=27
12:00:30.589 DEBUG MSG 0x0210 len=27
12:00:30.589 DEBUG MSG 0x0210 len=27
12:00:30.589 DEBUG MSG 0x0210 len=41
12:00:30.589 DEBUG MSG 0x0210 len=41
12:00:30.589 DEBUG MSG 0x0210 len=27
12:00:30.589 DEBUG MSG 0x0210 len=27
12:00:30.589 DEBUG MSG 0x0210 len=41
12:00:30.590 DEBUG MSG 0x0210 len=27
12:00:30.590 DEBUG MSG 0x0210 len=27
12:00:30.590 DEBUG MSG 0x0210 len=41
12:00:30.631 DEBUG MSG 0x0210 len=41
12:00:30.632 DEBUG MSG 0x0210 len=41
12:00:30.632 DEBUG MSG 0x0210 len=41
12:00:30.632 DEBUG MSG 0x0210 len=41
12:00:30.632 DEBUG MSG 0x0210 len=41
12:00:30.632 DEBUG MSG 0x0210 len=41
12:00:30.632 DEBUG MSG 0x0210 len=41
12:00:30.632 DEBUG MSG 0x0210 len=41
12:00:30.632 DEBUG MSG 0x0210 len=41
12:00:30.632 DEBUG MSG 0x0210 len=41
12:00:30.633 DEBUG MSG 0x0210 len=41
12:00:30.646 DEBUG MSG 0x0210 len=41
12:00:30.646 DEBUG MSG 0x0210 len=41
12:00:30.647 DEBUG MSG 0x0210 len=41
12:00:30.647 DEBUG MSG 0x0210 len=41
12:00:30.647 DEBUG MSG 0x0210 len=41
12:00:30.647 DEBUG MSG 0x0210 len=41
12:00:30.647 DEBUG MSG 0x0210 len=41
12:00:30.647 DEBUG MSG 0x0210 len=41
12:00:30.647 DEBUG MSG 0x0210 len=41
12:00:30.647 DEBUG MSG 0x0210 len=41
12:00:30.647 DEBUG MSG 0x0210 len=41
12:00:30.648 DEBUG MSG 0x0210 len=41
12:00:30.648 DEBUG MSG 0x0210 len=41
12:00:30.681 DEBUG MSG 0x0010 len=43
12:00:30.691 DEBUG MSG 0x0210 len=41
12:00:30.692 DEBUG MSG 0x0210 len=41
12:00:30.692 DEBUG MSG 0x0210 len=41
12:00:30.692 DEBUG MSG 0x0210 len=41
12:00:30.693 DEBUG MSG 0x0210 len=41
12:00:30.693 DEBUG MSG 0x0210 len=41
12:00:30.693 DEBUG MSG 0x0210 len=41
12:00:30.693 DEBUG MSG 0x0210 len=41
12:00:30.693 DEBUG MSG 0x0210 len=41
12:00:30.693 DEBUG MSG 0x0210 len=41
12:00:30.693 DEBUG MSG 0x0210 len=41
12:00:30.693 DEBUG MSG 0x0210 len=41
12:00:30.693 DEBUG MSG 0x0210 len=27
12:00:30.694 DEBUG MSG 0x0210 len=41
12:00:30.694 DEBUG MSG 0x0210 len=41
12:00:30.694 DEBUG MSG 0x0210 len=41
12:00:30.694 DEBUG MSG 0x0210 len=41
12:00:30.694 DEBUG MSG 0x0210 len=41
12:00:30.694 DEBUG MSG 0x0210 len=41
12:00:30.694 DEBUG MSG 0x0210 len=41
12:00:30.695 DEBUG MSG 0x0210 len=41
12:00:30.695 DEBUG MSG 0x0210 len=41
12:00:30.695 DEBUG MSG 0x0210 len=41
12:00:30.695 DEBUG MSG 0x0210 len=41
12:00:30.695 DEBUG MSG 0x0210 len=41
12:00:30.695 DEBUG MSG 0x0210 len=27
12:00:30.695 DEBUG MSG 0x0210 len=41
12:00:30.695 DEBUG MSG 0x0210 len=41
12:00:30.696 DEBUG MSG 0x0210 len=41
12:00:30.696 DEBUG MSG 0x0210 len=41
12:00:30.696 DEBUG MSG 0x0210 len=41
12:00:30.696 DEBUG MSG 0x0210 len=41
12:00:30.696 DEBUG MSG 0x0210 len=41
12:00:30.696 DEBUG MSG 0x0210 len=41
12:00:30.696 DEBUG MSG 0x0210 len=41
12:00:30.697 DEBUG MSG 0x0210 len=41
12:00:30.697 DEBUG MSG 0x0210 len=41
12:00:30.697 DEBUG MSG 0x0210 len=41
12:00:30.697 DEBUG MSG 0x0210 len=41
12:00:30.697 DEBUG MSG 0x0210 len=41
12:00:30.737 DEBUG MSG 0x1011 len=8
12:00:30.738 DEBUG MSG 0x1011 len=8
12:00:30.738 DEBUG MSG 0x0210 len=41
12:00:30.738 DEBUG MSG 0x0210 len=41
12:00:30.738 DEBUG MSG 0x0210 len=41
12:00:30.738 DEBUG MSG 0x0210 len=41
12:00:30.738 DEBUG MSG 0x0210 len=27
12:00:30.738 DEBUG MSG 0x0210 len=27
12:00:30.738 DEBUG MSG 0x0210 len=41
12:00:30.738 DEBUG MSG 0x0210 len=27
12:00:30.739 DEBUG MSG 0x0210 len=41
12:00:30.739 DEBUG MSG 0x0210 len=41
12:00:30.739 DEBUG MSG 0x0210 len=41
12:00:30.739 DEBUG MSG 0x0210 len=27
12:00:30.739 DEBUG MSG 0x0210 len=41
12:00:30.739 DEBUG MSG 0x0210 len=27
12:00:30.739 DEBUG MSG 0x0210 len=27
12:00:30.739 DEBUG MSG 0x0210 len=27
12:00:30.739 DEBUG MSG 0x0210 len=41
12:00:30.740 DEBUG MSG 0x0210 len=41
12:00:30.740 DEBUG MSG 0x0210 len=27
12:00:30.740 DEBUG MSG 0x0210 len=27
12:00:30.740 DEBUG MSG 0x0210 len=41
12:00:30.740 DEBUG MSG 0x0210 len=27
12:00:30.740 DEBUG MSG 0x0210 len=27
12:00:30.740 DEBUG MSG 0x0210 len=41
12:00:30.775 DEBUG MSG 0x0010 len=43
12:00:30.783 DEBUG MSG 0x0210 len=41
12:00:30.783 DEBUG MSG 0x0210 len=41
12:00:30.783 DEBUG MSG 0x0210 len=41
12:00:30.783 DEBUG MSG 0x0210 len=41
12:00:30.783 DEBUG MSG 0x0210 len=41
12:00:30.784 DEBUG MSG 0x0210 len=41
12:00:30.784 DEBUG MSG 0x0210 len=41
12:00:30.784 DEBUG MSG 0x0210 len=41
12:00:30.784 DEBUG MSG 0x0210 len=41
12:00:30.784 DEBUG MSG 0x0210 len=41
12:00:30.784 DEBUG MSG 0x0210 len=41
12:00:30.784 DEBUG MSG 0x0210 len=41
12:00:30.784 DEBUG MSG 0x0210 len=41
12:00:30.784 DEBUG MSG 0x0210 len=41
12:00:30.784 DEBUG MSG 0x0210 len=41
12:00:30.784 DEBUG MSG 0x0210 len=41
12:00:30.784 DEBUG MSG 0x0210 len=41
12:00:30.784 DEBUG MSG 0x0210 len=41
12:00:30.786 DEBUG MSG 0x0210 len=41
12:00:30.786 DEBUG MSG 0x0210 len=41
12:00:30.786 DEBUG MSG 0x0210 len=41
12:00:30.786 DEBUG MSG 0x0210 len=41
12:00:30.786 DEBUG MSG 0x0210 len=41
12:00:30.797 DEBUG MSG 0x0022 len=12
12:00:30.797 DEBUG MSG 0x022F len=12
12:00:30.827 DEBUG MSG 0x0210 len=41
12:00:30.827 DEBUG MSG 0x0210 len=41
12:00:30.843 DEBUG MSG 0x0210 len=41
12:00:30.843 DEBUG MSG 0x0210 len=41
12:00:30.844 DEBUG MSG 0x0210 len=41
12:00:30.844 DEBUG MSG 0x0210 len=41
12:00:30.844 DEBUG MSG 0x0210 len=41
12:00:30.844 DEBUG MSG 0x0210 len=41
12:00:30.845 DEBUG MSG 0x0210 len=41
12:00:30.845 DEBUG MSG 0x0210 len=41
12:00:30.845 DEBUG MSG 0x0210 len=41
12:00:30.845 DEBUG MSG 0x0210 len=41
12:00:30.845 DEBUG MSG 0x0210 len=41
12:00:30.845 DEBUG MSG 0x0210 len=41
12:00:30.845 DEBUG MSG 0x0210 len=41
12:00:30.846 DEBUG MSG 0x0210 len=41
12:00:30.846 DEBUG MSG 0x0210 len=41
12:00:30.846 DEBUG MSG 0x0210 len=27
12:00:30.846 DEBUG MSG 0x0210 len=41
12:00:30.846 DEBUG MSG 0x0210 len=41
12:00:30.846 DEBUG MSG 0x0210 len=27
12:00:30.846 DEBUG MSG 0x0210 len=41
12:00:30.846 DEBUG MSG 0x0210 len=41
12:00:30.846 DEBUG MSG 0x0210 len=41
12:00:30.847 DEBUG MSG 0x0210 len=41
12:00:30.847 DEBUG MSG 0x0210 len=41
12:00:30.847 DEBUG MSG 0x0210 len=41
12:00:30.847 DEBUG MSG 0x0210 len=41
12:00:30.848 DEBUG MSG 0x0210 len=41
12:00:30.848 DEBUG MSG 0x0210 len=41
12:00:30.848 DEBUG MSG 0x0210 len=27
12:00:30.848 DEBUG MSG 0x0210 len=41
12:00:30.848 DEBUG MSG 0x0210 len=41
12:00:30.848 DEBUG MSG 0x0210 len=41
12:00:30.848 DEBUG MSG 0x0210 len=41
12:00:30.848 DEBUG MSG 0x0210 len=41
12:00:30.849 DEBUG MSG 0x0210 len=41
12:00:30.849 DEBUG MSG 0x0210 len=41
12:00:30.849 DEBUG MSG 0x0210 len=41
12:00:30.888 DEBUG MSG 0x0210 len=41
12:00:30.889 DEBUG MSG 0x0210 len=41
12:00:30.889 DEBUG MSG 0x0210 len=41
12:00:30.889 DEBUG MSG 0x0210 len=41
12:00:30.889 DEBUG MSG 0x0210 len=27
12:00:30.889 DEBUG MSG 0x0210 len=27
12:00:30.889 DEBUG MSG 0x0210 len=41
12:00:30.889 DEBUG MSG 0x0210 len=27
12:00:30.890 DEBUG MSG 0x0210 len=41
12:00:30.890 DEBUG MSG 0x0210 len=41
12:00:30.890 DEBUG MSG 0x0210 len=41
12:00:30.890 DEBUG MSG 0x0210 len=27
12:00:30.890 DEBUG MSG 0x0210 len=41
12:00:30.890 DEBUG MSG 0x0210 len=27
12:00:30.890 DEBUG MSG 0x0210 len=27
12:00:30.890 DEBUG MSG 0x0210 len=27
12:00:30.890 DEBUG MSG 0x0210 len=41
12:00:30.890 DEBUG MSG 0x0210 len=41
12:00:30.891 DEBUG MSG 0x0210 len=27
12:00:30.891 DEBUG MSG 0x0210 len=27
12:00:30.891 DEBUG MSG 0x0210 len=41
12:00:30.891 DEBUG MSG 0x0210 len=27
12:00:30.891 DEBUG MSG 0x0210 len=27
12:00:30.891 DEBUG MSG 0x0210 len=41
12:00:30.891 DEBUG MSG 0x0210 len=27
12:00:30.901 DEBUG MSG 0x0010 len=43
12:00:30.934 DEBUG MSG 0x0210 len=41
12:00:30.935 DEBUG MSG 0x0210 len=41
12:00:30.935 DEBUG MSG 0x0210 len=41
12:00:30.935 DEBUG MSG 0x0210 len=41
12:00:30.936 DEBUG MSG 0x0210 len=41
12:00:30.936 DEBUG MSG 0x0210 len=41
12:00:30.936 DEBUG MSG 0x0210 len=41
12:00:30.936 DEBUG MSG 0x0210 len=41
12:00:30.936 DEBUG MSG 0x0210 len=41
12:00:30.936 DEBUG MSG 0x0210 len=41
12:00:30.936 DEBUG MSG 0x0210 len=41
12:00:30.936 DEBUG MSG 0x0210 len=41
12:00:30.936 DEBUG MSG 0x0210 len=41
12:00:30.936 DEBUG MSG 0x0210 len=41
12:00:30.936 DEBUG MSG 0x0210 len=41
12:00:30.936 DEBUG MSG 0x0210 len=41
12:00:30.936 DEBUG MSG 0x0210 len=41
12:00:30.937 DEBUG MSG 0x0210 len=41
12:00:30.937 DEBUG MSG 0x0210 len=41
12:00:30.937 DEBUG MSG 0x0210 len=41
12:00:30.937 DEBUG MSG 0x0210 len=41
12:00:30.937 DEBUG MSG 0x0210 len=41
12:00:30.937 DEBUG MSG 0x0210 len=41
12:00:30.980 DEBUG MSG 0x0210 len=27
12:00:30.980 DEBUG MSG 0x0210 len=41
12:00:30.981 DEBUG MSG 0x0210 len=41
12:00:30.981 DEBUG MSG 0x0210 len=41
12:00:30.981 DEBUG MSG 0x0210 len=41
12:00:30.981 DEBUG MSG 0x0210 len=41
12:00:30.981 DEBUG MSG 0x0210 len=41
12:00:30.981 DEBUG MSG 0x0210 len=41
12:00:30.981 DEBUG MSG 0x0210 len=41
12:00:30.981 DEBUG MSG 0x0210 len=41
12:00:30.982 DEBUG MSG 0x0210 len=41
12:00:30.982 DEBUG MSG 0x0210 len=41
12:00:30.995 DEBUG MSG 0x0010 len=43
12:00:30.996 DEBUG MSG 0x0210 len=27
12:00:30.996 DEBUG MSG 0x0210 len=41
12:00:30.996 DEBUG MSG 0x0210 len=41
12:00:30.996 DEBUG MSG 0x0210 len=41
12:00:30.996 DEBUG MSG 0x0210 len=41
12:00:30.996 DEBUG MSG 0x0210 len=41
12:00:30.996 DEBUG MSG 0x0210 len=41
12:00:30.996 DEBUG MSG 0x0210 len=41
12:00:30.996 DEBUG MSG 0x0210 len=41
12:00:30.996 DEBUG MSG 0x0210 len=41
12:00:30.996 DEBUG MSG 0x0210 len=41
12:00:30.996 DEBUG MSG 0x0210 len=41
12:00:30.996 DEBUG MSG 0x0210 len=27
12:00:30.997 DEBUG MSG 0x0210 len=41
12:00:30.997 DEBUG MSG 0x0210 len=41
12:00:30.997 DEBUG MSG 0x0210 len=41
12:00:30.997 DEBUG MSG 0x0210 len=41
12:00:30.997 DEBUG MSG 0x0210 len=41
12:00:30.997 DEBUG MSG 0x0210 len=41
12:00:30.997 DEBUG MSG 0x0210 len=41
12:00:30.997 DEBUG MSG 0x0210 len=41
12:00:30.997 DEBUG MSG 0x0210 len=41
12:00:30.997 DEBUG MSG 0x0210 len=41
12:00:30.997 DEBUG MSG 0x0210 len=41
12:00:30.998 DEBUG MSG 0x0210 len=41
12:00:30.998 DEBUG MSG 0x0210 len=41
12:00:30.998 DEBUG MSG 0x0210 len=41
12:00:31.040 DEBUG MSG 0x0210 len=41
12:00:31.040 DEBUG MSG 0x0210 len=41
12:00:31.040 DEBUG MSG 0x0210 len=41
12:00:31.041 DEBUG MSG 0x0210 len=41
12:00:31.041 DEBUG MSG 0x0210 len=27
12:00:31.041 DEBUG MSG 0x0210 len=41
12:00:31.041 DEBUG MSG 0x0210 len=27
12:00:31.041 DEBUG MSG 0x0210 len=41
12:00:31.041 DEBUG MSG 0x0210 len=41
12:00:31.041 DEBUG MSG 0x0210 len=41
12:00:31.041 DEBUG MSG 0x0210 len=27
12:00:31.041 DEBUG MSG 0x0210 len=41
12:00:31.042 DEBUG MSG 0x0210 len=27
12:00:31.042 DEBUG MSG 0x0210 len=27
12:00:31.042 DEBUG MSG 0x0210 len=27
12:00:31.042 DEBUG MSG 0x0210 len=41
12:00:31.042 DEBUG MSG 0x0210 len=41
12:00:31.042 DEBUG MSG 0x0210 len=27
12:00:31.042 DEBUG MSG 0x0210 len=27
12:00:31.043 DEBUG MSG 0x0210 len=41
12:00:31.043 DEBUG MSG 0x0210 len=27
12:00:31.043 DEBUG MSG 0x0210 len=27
12:00:31.043 DEBUG MSG 0x0210 len=41
12:00:31.043 DEBUG MSG 0x0210 len=27
12:00:31.084 DEBUG MSG 0x0210 len=41
12:00:31.086 DEBUG MSG 0x0210 len=41
12:00:31.086 DEBUG MSG 0x0210 len=41
12:00:31.086 DEBUG MSG 0x0210 len=41
12:00:31.086 DEBUG MSG 0x0210 len=41
12:00:31.086 DEBUG MSG 0x0210 len=41
12:00:31.086 DEBUG MSG 0x0210 len=41
12:00:31.086 DEBUG MSG 0x0210 len=41
12:00:31.086 DEBUG MSG 0x0210 len=41
12:00:31.086 DEBUG MSG 0x0210 len=41
12:00:31.086 DEBUG MSG 0x0210 len=41
12:00:31.087 DEBUG MSG 0x0210 len=41
12:00:31.087 DEBUG MSG 0x0210 len=41
12:00:31.087 DEBUG MSG 0x0210 len=41
12:00:31.087 DEBUG MSG 0x0210 len=41
12:00:31.087 DEBUG MSG 0x0210 len=41
12:00:31.087 DEBUG MSG 0x0210 len=41
12:00:31.087 DEBUG MSG 0x0210 len=41
12:00:31.087 DEBUG MSG 0x0210 len=41
12:00:31.088 DEBUG MSG 0x0210 len=41
12:00:31.088 DEBUG MSG 0x0210 len=41
12:00:31.088 DEBUG MSG 0x0210 len=41
12:00:31.088 DEBUG MSG 0x0210 len=41
12:00:31.102 DEBUG MSG 0x0010 len=43
12:00:31.131 DEBUG MSG 0x0210 len=27
12:00:31.131 DEBUG MSG 0x0210 len=41
12:00:31.146 DEBUG MSG 0x0210 len=41
12:00:31.147 DEBUG MSG 0x0210 len=41
12:00:31.147 DEBUG MSG 0x0210 len=41
12:00:31.147 DEBUG MSG 0x0210 len=41
12:00:31.147 DEBUG MSG 0x0210 len=41
12:00:31.147 DEBUG MSG 0x0210 len=41
12:00:31.147 DEBUG MSG 0x0210 len=41
12:00:31.147 DEBUG MSG 0x0210 len=41
12:00:31.147 DEBUG MSG 0x0210 len=41
12:00:31.147 DEBUG MSG 0x0210 len=41
12:00:31.147 DEBUG MSG 0x0210 len=27
12:00:31.147 DEBUG MSG 0x0210 len=41
12:00:31.148 DEBUG MSG 0x0210 len=41
12:00:31.148 DEBUG MSG 0x0210 len=41
12:00:31.148 DEBUG MSG 0x0210 len=41
12:00:31.148 DEBUG MSG 0x0210 len=41
12:00:31.148 DEBUG MSG 0x0210 len=41
12:00:31.148 DEBUG MSG 0x0210 len=41
12:00:31.148 DEBUG MSG 0x0210 len=41
12:00:31.148 DEBUG MSG 0x0210 len=41
12:00:31.148 DEBUG MSG 0x0210 len=41
12:00:31.148 DEBUG MSG 0x0210 len=41
12:00:31.148 DEBUG MSG 0x0210 len=27
12:00:31.149 DEBUG MSG 0x0210 len=41
12:00:31.149 DEBUG MSG 0x0210 len=41
12:00:31.149 DEBUG MSG 0x0210 len=41
12:00:31.149 DEBUG MSG 0x0210 len=41
12:00:31.149 DEBUG MSG 0x0210 len=41
12:00:31.149 DEBUG MSG 0x0210 len=41
12:00:31.149 DEBUG MSG 0x0210 len=41
12:00:31.149 DEBUG MSG 0x0210 len=41
12:00:31.149 DEBUG MSG 0x0210 len=41
12:00:31.150 DEBUG MSG 0x0210 len=41
12:00:31.150 DEBUG MSG 0x0210 len=41
12:00:31.150 DEBUG MSG 0x0210 len=41
12:00:31.150 DEBUG MSG 0x0210 len=41
12:00:31.150 DEBUG MSG 0x0210 len=41
12:00:31.191 DEBUG MSG 0x0020 len=162
12:00:31.192 DEBUG MSG 0x0020 len=208
12:00:31.192 DEBUG MSG 0x0210 len=41
12:00:31.192 DEBUG MSG 0x0210 len=41
12:00:31.192 DEBUG MSG 0x0210 len=41
12:00:31.192 DEBUG MSG 0x0210 len=41
12:00:31.192 DEBUG MSG 0x0210 len=27
12:00:31.192 DEBUG MSG 0x0210 len=41
12:00:31.193 DEBUG MSG 0x0210 len=27
12:00:31.193 DEBUG MSG 0x0210 len=41
12:00:31.193 DEBUG MSG 0x0210 len=41
12:00:31.193 DEBUG MSG 0x0210 len=41
12:00:31.193 DEBUG MSG 0x0210 len=27
12:00:31.193 DEBUG MSG 0x0210 len=41
12:00:31.193 DEBUG MSG 0x0210 len=27
12:00:31.193 DEBUG MSG 0x0210 len=27
12:00:31.193 DEBUG MSG 0x0210 len=27
12:00:31.193 DEBUG MSG 0x0210 len=41
12:00:31.194 DEBUG MSG 0x0210 len=41
12:00:31.194 DEBUG MSG 0x0210 len=27
12:00:31.194 DEBUG MSG 0x0210 len=27
12:00:31.194 DEBUG MSG 0x0210 len=41
12:00:31.194 DEBUG MSG 0x0210 len=27
12:00:31.194 DEBUG MSG 0x0210 len=27
12:00:31.194 DEBUG MSG 0x0210 len=41
12:00:31.194 DEBUG MSG 0x0210 len=27
12:00:31.195 DEBUG MSG 0x0010 len=43
12:00:31.237 DEBUG MSG 0x0210 len=41
12:00:31.237 DEBUG MSG 0x0210 len=41
12:00:31.238 DEBUG MSG 0x0210 len=41
12:00:31.238 DEBUG MSG 0x0210 len=41
12:00:31.238 DEBUG MSG 0x0210 len=41
12:00:31.238 DEBUG MSG 0x0210 len=41
12:00:31.239 DEBUG MSG 0x0210 len=41
12:00:31.239 DEBUG MSG 0x0210 len=41
12:00:31.239 DEBUG MSG 0x0210 len=41
12:00:31.239 DEBUG MSG 0x0210 len=41
12:00:31.240 DEBUG MSG 0x0210 len=41
12:00:31.240 DEBUG MSG 0x0210 len=41
12:00:31.240 DEBUG MSG 0x0210 len=41
12:00:31.240 DEBUG MSG 0x0210 len=41
12:00:31.241 DEBUG MSG 0x0210 len=41
12:00:31.241 DEBUG MSG 0x0210 len=41
12:00:31.241 DEBUG MSG 0x0210 len=41
12:00:31.241 DEBUG MSG 0x0210 len=41
12:00:31.241 DEBUG MSG 0x0210 len=41
12:00:31.242 DEBUG MSG 0x0210 len=41
12:00:31.242 DEBUG MSG 0x0210 len=41
12:00:31.242 DEBUG MSG 0x0210 len=41
12:00:31.242 DEBUG MSG 0x0210 len=41
12:00:31.283 DEBUG MSG 0x0210 len=41
12:00:31.283 DEBUG MSG 0x0210 len=41
12:00:31.283 DEBUG MSG 0x0210 len=41
12:00:31.283 DEBUG MSG 0x0210 len=41
12:00:31.284 DEBUG MSG 0x0210 len=41
12:00:31.284 DEBUG MSG 0x0210 len=41
12:00:31.284 DEBUG MSG 0x0210 len=41
12:00:31.284 DEBUG MSG 0x0210 len=41
12:00:31.284 DEBUG MSG 0x0210 len=41
12:00:31.284 DEBUG MSG 0x0210 len=41
12:00:31.284 DEBUG MSG 0x0210 len=41
12:00:31.284 DEBUG MSG 0x0210 len=41
12:00:31.284 DEBUG MSG 0x0210 len=27
12:00:31.284 DEBUG MSG 0x0210 len=41
12:00:31.285 DEBUG MSG 0x0210 len=41
12:00:31.285 DEBUG MSG 0x0210 len=41
12:00:31.285 DEBUG MSG 0x0210 len=41
12:00:31.285 DEBUG MSG 0x0210 len=41
12:00:31.285 DEBUG MSG 0x0210 len=41
12:00:31.285 DEBUG MSG 0x0210 len=41
12:00:31.285 DEBUG MSG 0x0210 len=41
12:00:31.285 DEBUG MSG 0x0210 len=41
12:00:31.285 DEBUG MSG 0x0210 len=41
12:00:31.285 DEBUG MSG 0x0210 len=41
12:00:31.285 DEBUG MSG 0x0210 len=27
12:00:31.285 DEBUG MSG 0x0210 len=41
12:00:31.285 DEBUG MSG 0x0210 len=41
12:00:31.285 DEBUG MSG 0x0210 len=41
12:00:31.285 DEBUG MSG 0x0210 len=41
12:00:31.285 DEBUG MSG 0x0210 len=41
12:00:31.286 DEBUG MSG 0x0210 len=41
12:00:31.286 DEBUG MSG 0x0210 len=41
12:00:31.286 DEBUG MSG 0x0210 len=41
12:00:31.286 DEBUG MSG 0x0210 len=41
12:00:31.286 DEBUG MSG 0x0210 len=41
12:00:31.286 DEBUG MSG 0x0210 len=41
12:00:31.286 DEBUG MSG 0x0210 len=41
12:00:31.286 DEBUG MSG 0x0210 len=41
12:00:31.286 DEBUG MSG 0x0210 len=41
12:00:31.288 DEBUG MSG 0x0010 len=43
12:00:31.342 DEBUG MSG 0x0210 len=41
12:00:31.342 DEBUG MSG 0x0210 len=41
12:00:31.343 DEBUG MSG 0x0210 len=41
12:00:31.343 DEBUG MSG 0x0210 len=41
12:00:31.343 DEBUG MSG 0x0210 len=27
12:00:31.343 DEBUG MSG 0x0210 len=41
12:00:31.343 DEBUG MSG 0x0210 len=27
12:00:31.343 DEBUG MSG 0x0210 len=41
12:00:31.343 DEBUG MSG 0x0210 len=41
12:00:31.343 DEBUG MSG 0x0210 len=41
12:00:31.344 DEBUG MSG 0x0210 len=27
12:00:31.344 DEBUG MSG 0x0210 len=41
12:00:31.344 DEBUG MSG 0x0210 len=27
12:00:31.344 DEBUG MSG 0x0210 len=27
12:00:31.344 DEBUG MSG 0x0210 len=27
12:00:31.344 DEBUG MSG 0x0210 len=41
12:00:31.345 DEBUG MSG 0x0210 len=41
12:00:31.345 DEBUG MSG 0x0210 len=27
12:00:31.345 DEBUG MSG 0x0210 len=27
12:00:31.345 DEBUG MSG 0x0210 len=41
12:00:31.345 DEBUG MSG 0x0210 len=27
12:00:31.345 DEBUG MSG 0x0210 len=27
12:00:31.345 DEBUG MSG 0x0210 len=41
12:00:31.345 DEBUG MSG 0x0210 len=27
12:00:31.389 DEBUG MSG 0x0053 len=59
12:00:31.389 DEBUG MSG 0x0210 len=41
12:00:31.390 DEBUG MSG 0x0210 len=41
12:00:31.390 DEBUG MSG 0x0210 len=41
12:00:31.390 DEBUG MSG 0x0210 len=41
12:00:31.390 DEBUG MSG 0x0210 len=41
12:00:31.390 DEBUG MSG 0x0210 len=41
12:00:31.390 DEBUG MSG 0x0210 len=41
12:00:31.390 DEBUG MSG 0x0210 len=41
12:00:31.390 DEBUG MSG 0x0210 len=41
12:00:31.390 DEBUG MSG 0x0210 len=41
12:00:31.391 DEBUG MSG 0x0210 len=41
12:00:31.391 DEBUG MSG 0x0210 len=41
12:00:31.391 DEBUG MSG 0x0210 len=41
12:00:31.391 DEBUG MSG 0x0210 len=41
12:00:31.391 DEBUG MSG 0x0210 len=41
12:00:31.391 DEBUG MSG 0x0210 len=41
12:00:31.391 DEBUG MSG 0x0210 len=41
12:00:31.391 DEBUG MSG 0x0210 len=41
12:00:31.391 DEBUG MSG 0x0210 len=41
12:00:31.391 DEBUG MSG 0x0210 len=41
12:00:31.392 DEBUG MSG 0x0210 len=41
12:00:31.392 DEBUG MSG 0x0210 len=41
12:00:31.392 DEBUG MSG 0x0210 len=41
12:00:31.397 DEBUG MSG 0x0010 len=43
12:00:31.413 DEBUG MSG 0x0220 len=4
12:00:31.434 DEBUG MSG 0x0210 len=41
12:00:31.435 DEBUG MSG 0x0210 len=41
12:00:31.435 DEBUG MSG 0x0210 len=41
12:00:31.435 DEBUG MSG 0x0210 len=41
12:00:31.435 DEBUG MSG 0x0210 len=41
12:00:31.435 DEBUG MSG 0x0210 len=41
12:00:31.435 DEBUG MSG 0x0210 len=41
12:00:31.435 DEBUG MSG 0x0210 len=41
12:00:31.435 DEBUG MSG 0x0210 len=41
12:00:31.435 DEBUG MSG 0x0210 len=41
12:00:31.435 DEBUG MSG 0x0210 len=41
12:00:31.436 DEBUG MSG 0x0210 len=41
12:00:31.436 DEBUG MSG 0x0210 len=27
12:00:31.436 DEBUG MSG 0x0210 len=41
12:00:31.436 DEBUG MSG 0x0210 len=41
12:00:31.436 DEBUG MSG 0x0210 len=41
12:00:31.436 DEBUG MSG 0x0210 len=41
12:00:31.436 DEBUG MSG 0x0210 len=41
12:00:31.436 DEBUG MSG 0x0210 len=41
12:00:31.436 DEBUG MSG 0x0210 len=41
12:00:31.436 DEBUG MSG 0x0210 len=41
12:00:31.436 DEBUG MSG 0x0210 len=41
12:00:31.436 DEBUG MSG 0x0210 len=41
12:00:31.436 DEBUG MSG 0x0210 len=41
12:00:31.436 DEBUG MSG 0x0210 len=27
12:00:31.436 DEBUG MSG 0x0210 len=41
12:00:31.437 DEBUG MSG 0x0210 len=41
12:00:31.437 DEBUG MSG 0x0210 len=41
12:00:31.437 DEBUG MSG 0x0210 len=41
12:00:31.437 DEBUG MSG 0x0210 len=41
12:00:31.437 DEBUG MSG 0x0210 len=41
12:00:31.437 DEBUG MSG 0x0210 len=41
12:00:31.437 DEBUG MSG 0x0210 len=41
12:00:31.437 DEBUG MSG 0x0210 len=41
12:00:31.438 DEBUG MSG 0x0210 len=41
12:00:31.438 DEBUG MSG 0x0210 len=41
12:00:31.438 DEBUG MSG 0x0210 len=41
12:00:31.438 DEBUG MSG 0x0210 len=41
12:00:31.438 DEBUG MSG 0x0210 len=41
12:00:31.479 DEBUG MSG 0x0210 len=41
12:00:31.479 DEBUG MSG 0x0210 len=41
12:00:31.479 DEBUG MSG 0x0210 len=41
12:00:31.479 DEBUG MSG 0x0210 len=41
12:00:31.480 DEBUG MSG 0x0210 len=27
12:00:31.480 DEBUG MSG 0x0210 len=41
12:00:31.490 DEBUG MSG 0x0010 len=43
12:00:31.495 DEBUG MSG 0x0210 len=27
12:00:31.495 DEBUG MSG 0x0210 len=41
12:00:31.496 DEBUG MSG 0x0210 len=41
12:00:31.496 DEBUG MSG 0x0210 len=41
12:00:31.496 DEBUG MSG 0x0210 len=27
12:00:31.496 DEBUG MSG 0x0210 len=41
12:00:31.496 DEBUG MSG 0x0210 len=27
12:00:31.496 DEBUG MSG 0x0210 len=27
12:00:31.496 DEBUG MSG 0x0210 len=27
12:00:31.496 DEBUG MSG 0x0210 len=41
12:00:31.496 DEBUG MSG 0x0210 len=41
12:00:31.496 DEBUG MSG 0x0210 len=27
12:00:31.496 DEBUG MSG 0x0210 len=27
12:00:31.496 DEBUG MSG 0x0210 len=41
12:00:31.496 DEBUG MSG 0x0210 len=27
12:00:31.496 DEBUG MSG 0x0210 len=27
12:00:31.497 DEBUG MSG 0x0210 len=41
12:00:31.497 DEBUG MSG 0x0210 len=27
12:00:31.539 DEBUG MSG 0x0210 len=41
12:00:31.539 DEBUG MSG 0x0210 len=41
12:00:31.539 DEBUG MSG 0x0210 len=41
12:00:31.540 DEBUG MSG 0x0210 len=41
12:00:31.540 DEBUG MSG 0x0210 len=41
12:00:31.540 DEBUG MSG 0x0210 len=41
12:00:31.540 DEBUG MSG 0x0210 len=41
12:00:31.540 DEBUG MSG 0x0210 len=41
12:00:31.540 DEBUG MSG 0x0210 len=41
12:00:31.540 DEBUG MSG 0x0210 len=41
12:00:31.540 DEBUG MSG 0x0210 len=41
12:00:31.540 DEBUG MSG 0x0210 len=41
12:00:31.540 DEBUG MSG 0x0210 len=41
12:00:31.541 DEBUG MSG 0x0210 len=41
12:00:31.541 DEBUG MSG 0x0210 len=41
12:00:31.541 DEBUG MSG 0x0210 len=41
12:00:31.541 DEBUG MSG 0x0210 len=41
12:00:31.541 DEBUG MSG 0x0210 len=41
12:00:31.541 DEBUG MSG 0x0210 len=41
12:00:31.541 DEBUG MSG 0x0210 len=41
12:00:31.541 DEBUG MSG 0x0210 len=41
12:00:31.541 DEBUG MSG 0x0210 len=41
12:00:31.542 DEBUG MSG 0x0210 len=41
12:00:31.569 DEBUG MSG 0x0220 len=4
12:00:31.584 DEBUG MSG 0x0210 len=27
12:00:31.584 DEBUG MSG 0x0210 len=41
12:00:31.586 DEBUG MSG 0x0210 len=41
12:00:31.586 DEBUG MSG 0x0210 len=41
12:00:31.586 DEBUG MSG 0x0210 len=41
12:00:31.586 DEBUG MSG 0x0210 len=41
12:00:31.586 DEBUG MSG 0x0210 len=41
12:00:31.586 DEBUG MSG 0x0210 len=41
12:00:31.586 DEBUG MSG 0x0210 len=41
12:00:31.586 DEBUG MSG 0x0210 len=41
12:00:31.586 DEBUG MSG 0x0210 len=41
12:00:31.586 DEBUG MSG 0x0210 len=41
12:00:31.586 DEBUG MSG 0x0210 len=41
12:00:31.586 DEBUG MSG 0x0210 len=41
12:00:31.586 DEBUG MSG 0x0210 len=41
12:00:31.586 DEBUG MSG 0x0210 len=27
12:00:31.586 DEBUG MSG 0x0210 len=41
12:00:31.587 DEBUG MSG 0x0210 len=41
12:00:31.587 DEBUG MSG 0x0210 len=41
12:00:31.587 DEBUG MSG 0x0210 len=41
12:00:31.587 DEBUG MSG 0x0210 len=41
12:00:31.587 DEBUG MSG 0x0210 len=41
12:00:31.587 DEBUG MSG 0x0210 len=41
12:00:31.587 DEBUG MSG 0x0210 len=41
12:00:31.587 DEBUG MSG 0x0210 len=41
12:00:31.587 DEBUG MSG 0x0210 len=41
12:00:31.587 DEBUG MSG 0x0210 len=41
12:00:31.588 DEBUG MSG 0x0210 len=41
12:00:31.588 DEBUG MSG 0x0210 len=41
12:00:31.588 DEBUG MSG 0x0210 len=41
12:00:31.588 DEBUG MSG 0x0210 len=41
12:00:31.588 DEBUG MSG 0x0210 len=41
12:00:31.588 DEBUG MSG 0x0210 len=41
12:00:31.588 DEBUG MSG 0x0210 len=41
12:00:31.588 DEBUG MSG 0x0210 len=41
12:00:31.589 DEBUG MSG 0x0210 len=41
12:00:31.589 DEBUG MSG 0x0210 len=41
12:00:31.589 DEBUG MSG 0x0210 len=41
12:00:31.589 DEBUG MSG 0x0210 len=41
12:00:31.589 DEBUG MSG 0x0210 len=41
12:00:31.601 DEBUG MSG 0x0010 len=43
12:00:31.631 DEBUG MSG 0x0210 len=41
12:00:31.631 DEBUG MSG 0x0210 len=41
12:00:31.631 DEBUG MSG 0x0210 len=41
12:00:31.631 DEBUG MSG 0x0210 len=41
12:00:31.631 DEBUG MSG 0x0210 len=27
12:00:31.631 DEBUG MSG 0x0210 len=41
12:00:31.631 DEBUG MSG 0x0210 len=27
12:00:31.631 DEBUG MSG 0x0210 len=41
12:00:31.632 DEBUG MSG 0x0210 len=41
12:00:31.632 DEBUG MSG 0x0210 len=41
12:00:31.632 DEBUG MSG 0x0210 len=27
12:00:31.632 DEBUG MSG 0x0210 len=41
12:00:31.632 DEBUG MSG 0x0210 len=27
12:00:31.632 DEBUG MSG 0x0210 len=27
12:00:31.632 DEBUG MSG 0x0210 len=27
12:00:31.632 DEBUG MSG 0x0210 len=41
12:00:31.632 DEBUG MSG 0x0210 len=41
12:00:31.632 DEBUG MSG 0x0210 len=27
12:00:31.633 DEBUG MSG 0x0210 len=27
12:00:31.633 DEBUG MSG 0x0210 len=41
12:00:31.645 DEBUG MSG 0x0210 len=27
12:00:31.645 DEBUG MSG 0x0210 len=27
12:00:31.646 DEBUG MSG 0x0210 len=41
12:00:31.646 DEBUG MSG 0x0210 len=27
12:00:31.692 DEBUG MSG 0x0055 len=112
12:00:31.692 DEBUG MSG 0x0210 len=41
12:00:31.692 DEBUG MSG 0x0210 len=41
12:00:31.693 DEBUG MSG 0x0210 len=41
12:00:31.693 DEBUG MSG 0x0210 len=41
12:00:31.693 DEBUG MSG 0x0210 len=41
12:00:31.693 DEBUG MSG 0x0210 len=41
12:00:31.693 DEBUG MSG 0x0210 len=41
12:00:31.693 DEBUG MSG 0x0210 len=41
12:00:31.693 DEBUG MSG 0x0210 len=41
12:00:31.693 DEBUG MSG 0x0210 len=41
12:00:31.694 DEBUG MSG 0x0210 len=41
12:00:31.694 DEBUG MSG 0x0210 len=41
12:00:31.694 DEBUG MSG 0x0210 len=41
12:00:31.694 DEBUG MSG 0x0210 len=41
12:00:31.694 DEBUG MSG 0x0210 len=41
12:00:31.694 DEBUG MSG 0x0210 len=41
12:00:31.695 DEBUG MSG 0x0210 len=41
12:00:31.695 DEBUG MSG 0x0210 len=41
12:00:31.695 DEBUG MSG 0x0210 len=41
12:00:31.695 DEBUG MSG 0x0210 len=41
12:00:31.695 DEBUG MSG 0x0210 len=41
12:00:31.695 DEBUG MSG 0x0210 len=41
12:00:31.695 DEBUG MSG 0x0210 len=41
12:00:31.710 DEBUG MSG 0x0220 len=4
12:00:31.710 DEBUG MSG 0x0010 len=43
12:00:31.737 DEBUG MSG 0x0210 len=27
12:00:31.737 DEBUG MSG 0x0210 len=41
12:00:31.737 DEBUG MSG 0x0210 len=41
12:00:31.737 DEBUG MSG 0x0210 len=41
12:00:31.737 DEBUG MSG 0x0210 len=41
12:00:31.738 DEBUG MSG 0x0210 len=41
12:00:31.738 DEBUG MSG 0x0210 len=41
12:00:31.738 DEBUG MSG 0x0210 len=41
12:00:31.738 DEBUG MSG 0x0210 len=41
12:00:31.738 DEBUG MSG 0x0210 len=41
12:00:31.738 DEBUG MSG 0x0210 len=41
12:00:31.738 DEBUG MSG 0x0210 len=41
12:00:31.738 DEBUG MSG 0x0210 len=41
12:00:31.738 DEBUG MSG 0x0210 len=41
12:00:31.738 DEBUG MSG 0x0210 len=41
12:00:31.739 DEBUG MSG 0x0210 len=27
12:00:31.739 DEBUG MSG 0x0210 len=41
12:00:31.739 DEBUG MSG 0x0210 len=41
12:00:31.739 DEBUG MSG 0x0210 len=41
12:00:31.739 DEBUG MSG 0x0210 len=41
12:00:31.739 DEBUG MSG 0x0210 len=41
12:00:31.739 DEBUG MSG 0x0210 len=41
12:00:31.739 DEBUG MSG 0x0210 len=41
12:00:31.739 DEBUG MSG 0x0210 len=41
12:00:31.740 DEBUG MSG 0x0210 len=41
12:00:31.740 DEBUG MSG 0x0210 len=41
12:00:31.740 DEBUG MSG 0x0210 len=41
12:00:31.740 DEBUG MSG 0x0210 len=41
12:00:31.740 DEBUG MSG 0x0210 len=41
12:00:31.740 DEBUG MSG 0x0210 len=41
12:00:31.740 DEBUG MSG 0x0210 len=41
12:00:31.740 DEBUG MSG 0x0210 len=41
12:00:31.741 DEBUG MSG 0x0210 len=41
12:00:31.741 DEBUG MSG 0x0210 len=41
12:00:31.741 DEBUG MSG 0x0210 len=41
12:00:31.741 DEBUG MSG 0x0210 len=41
12:00:31.741 DEBUG MSG 0x0210 len=41
12:00:31.741 DEBUG MSG 0x0210 len=41
12:00:31.741 DEBUG MSG 0x0210 len=41
12:00:31.741 DEBUG MSG 0x0210 len=41
12:00:31.782 DEBUG MSG 0x0210 len=41
12:00:31.782 DEBUG MSG 0x0210 len=41
12:00:31.782 DEBUG MSG 0x0210 len=41
12:00:31.782 DEBUG MSG 0x0210 len=41
12:00:31.783 DEBUG MSG 0x0210 len=27
12:00:31.783 DEBUG MSG 0x0210 len=41
12:00:31.783 DEBUG MSG 0x0210 len=27
12:00:31.783 DEBUG MSG 0x0210 len=41
12:00:31.783 DEBUG MSG 0x0210 len=41
12:00:31.783 DEBUG MSG 0x0210 len=41
12:00:31.783 DEBUG MSG 0x0210 len=27
12:00:31.783 DEBUG MSG 0x0210 len=41
12:00:31.783 DEBUG MSG 0x0210 len=27
12:00:31.783 DEBUG MSG 0x0210 len=27
12:00:31.784 DEBUG MSG 0x0210 len=27
12:00:31.784 DEBUG MSG 0x0210 len=41
12:00:31.784 DEBUG MSG 0x0210 len=41
12:00:31.784 DEBUG MSG 0x0210 len=27
12:00:31.784 DEBUG MSG 0x0210 len=27
12:00:31.784 DEBUG MSG 0x0210 len=41
12:00:31.784 DEBUG MSG 0x0210 len=27
12:00:31.784 DEBUG MSG 0x0210 len=27
12:00:31.784 DEBUG MSG 0x0210 len=41
12:00:31.796 DEBUG MSG 0x0210 len=27
12:00:31.818 DEBUG MSG 0x0010 len=43
12:00:31.827 DEBUG MSG 0x0210 len=41
12:00:31.827 DEBUG MSG 0x0210 len=41
12:00:31.827 DEBUG MSG 0x0210 len=41
12:00:31.842 DEBUG MSG 0x0210 len=41
12:00:31.843 DEBUG MSG 0x0210 len=41
12:00:31.843 DEBUG MSG 0x0210 len=41
12:00:31.843 DEBUG MSG 0x0210 len=41
12:00:31.843 DEBUG MSG 0x0210 len=41
12:00:31.843 DEBUG MSG 0x0210 len=41
12:00:31.843 DEBUG MSG 0x0210 len=41
12:00:31.844 DEBUG MSG 0x0210 len=41
12:00:31.844 DEBUG MSG 0x0210 len=41
12:00:31.844 DEBUG MSG 0x0210 len=41
12:00:31.844 DEBUG MSG 0x0210 len=41
12:00:31.844 DEBUG MSG 0x0210 len=41
12:00:31.844 DEBUG MSG 0x0210 len=41
12:00:31.844 DEBUG MSG 0x0210 len=41
12:00:31.844 DEBUG MSG 0x0210 len=41
12:00:31.844 DEBUG MSG 0x0210 len=41
12:00:31.845 DEBUG MSG 0x0210 len=41
12:00:31.845 DEBUG MSG 0x0210 len=41
12:00:31.845 DEBUG MSG 0x0210 len=41
12:00:31.845 DEBUG MSG 0x0210 len=41
12:00:31.845 DEBUG MSG 0x0210 len=41
12:00:31.865 DEBUG MSG 0x0220 len=4
12:00:31.887 DEBUG MSG 0x0210 len=41
12:00:31.888 DEBUG MSG 0x0210 len=41
12:00:31.888 DEBUG MSG 0x0210 len=41
12:00:31.888 DEBUG MSG 0x0210 len=41
12:00:31.888 DEBUG MSG 0x0210 len=41
12:00:31.888 DEBUG MSG 0x0210 len=41
12:00:31.888 DEBUG MSG 0x0210 len=41
12:00:31.888 DEBUG MSG 0x0210 len=41
12:00:31.888 DEBUG MSG 0x0210 len=41
12:00:31.889 DEBUG MSG 0x0210 len=41
12:00:31.889 DEBUG MSG 0x0210 len=27
12:00:31.889 DEBUG MSG 0x0210 len=41
12:00:31.889 DEBUG MSG 0x0210 len=41
12:00:31.889 DEBUG MSG 0x0210 len=41
12:00:31.889 DEBUG MSG 0x0210 len=41
12:00:31.890 DEBUG MSG 0x0210 len=41
12:00:31.890 DEBUG MSG 0x0210 len=41
12:00:31.890 DEBUG MSG 0x0210 len=41
12:00:31.890 DEBUG MSG 0x0210 len=41
12:00:31.890 DEBUG MSG 0x0210 len=41
12:00:31.890 DEBUG MSG 0x0210 len=41
12:00:31.890 DEBUG MSG 0x0210 len=41
12:00:31.890 DEBUG MSG 0x0210 len=41
12:00:31.890 DEBUG MSG 0x0210 len=41
12:00:31.890 DEBUG MSG 0x0210 len=41
12:00:31.891 DEBUG MSG 0x0210 len=27
12:00:31.891 DEBUG MSG 0x0210 len=41
12:00:31.891 DEBUG MSG 0x0210 len=41
12:00:31.891 DEBUG MSG 0x0210 len=41
12:00:31.891 DEBUG MSG 0x0210 len=41
12:00:31.891 DEBUG MSG 0x0210 len=41
12:00:31.891 DEBUG MSG 0x0210 len=41
12:00:31.891 DEBUG MSG 0x0210 len=41
12:00:31.891 DEBUG MSG 0x0210 len=41
12:00:31.892 DEBUG MSG 0x0210 len=41
12:00:31.892 DEBUG MSG 0x0210 len=41
12:00:31.892 DEBUG MSG 0x0210 len=41
12:00:31.892 DEBUG MSG 0x0210 len=41
12:00:31.892 DEBUG MSG 0x0210 len=41
12:00:31.892 DEBUG MSG 0x0210 len=41
