22:20:48 [DEBUG] MSG_UNKNOWN_NEW 0x0210 dir=IN len=41 body=69 2e 00 00 33 c5 2f 00 01 3a 40 e0 44 e1 56 e1 40 5a d5 24 43 ab 54 52 3d a0 59 72 7f e0 44 a0
22:20:48 [DEBUG] MSG_UNKNOWN_NEW 0x0010 dir=OUT len=43 body=00 00 00 00 00 00 00 00 00 00 00 00 af 2b cf 44 95 3c 27 42 2e df d9 43 f9 99 6f 43 8b fd f2 ff
22:20:49 [DEBUG] OVERVIEW_RENDER enc=0 total_dmg=0 dur=0.0s entries=0 local_eid=None player_name="" pet_states={} entity_types_sample={}
22:20:49 [DEBUG] MSG_IN 0x0020 SpawnEntity dir=IN body_len=211
22:20:49 [DEBUG]   PARSED type=SpawnEntity eid=12584 target=None
22:20:49 [DEBUG] MSG_IN 0x0020 SpawnEntity dir=IN body_len=211
22:20:49 [DEBUG]   PARSED type=SpawnEntity eid=18145 target=None
22:20:49 [DEBUG] MSG_IN 0x0020 SpawnEntity dir=IN body_len=168
22:20:49 [DEBUG]   PARSED type=SpawnEntity eid=18560 target=None
22:20:50 [DEBUG] MSG_UNKNOWN_NEW 0x001E dir=IN len=8 body=40 16 61 09 00 00 00 00
22:20:50 [DEBUG] MSG_UNKNOWN_NEW 0x001F dir=OUT len=8 body=40 16 61 09 00 00 00 00
22:20:50 [DEBUG] MSG_IN 0x0020 SpawnEntity dir=IN body_len=211
22:20:50 [DEBUG]   PARSED type=SpawnEntity eid=20768 target=None
22:20:50 [DEBUG] MSG_UNKNOWN_NEW 0x016F dir=OUT len=0 body=
22:20:51 [DEBUG] MSG_UNKNOWN_NEW 0x0003 dir=IN len=1384 body=21 02 00 00 6d 5e 00 00 0a 00 44 6f 6f 64 6f 6f 62 75 74 00 00 04 00 5a 65 6b 03 00 00 00 04 00
22:20:51 [DEBUG] MSG_UNKNOWN_NEW 0x0332 dir=IN len=1384 body=21 02 00 00 00 00 00 00 07 00 01 00 ff ff 00 00 00 00 00 00 00 01 00 00 00 0d 00 64 69 73 65 6e
22:20:51 [DEBUG] MSG_UNKNOWN_NEW 0x0579 dir=IN len=1384 body=00 72 69 6e 67 92 0d 07 00 00 00 00 00 14 00 6b 70 62 5f 62 61 6e 64 69 74 5f 66 74 72 5f 72 69
22:20:51 [DEBUG] MSG_UNKNOWN_NEW 0x6B6F dir=IN len=1384 body=5f 6d 61 72 6b 5f 77 72 69 74 69 6e 67 00 00 00 0b 00 73 63 72 61 70 5f 70 61 63 6b 14 00 53 68
22:20:51 [DEBUG] MSG_UNKNOWN_NEW 0x0400 dir=IN len=1384 body=00 6e 75 6c 00 00 00 00 00 00 00 00 00 00 00 00 00 00 00 00 00 00 00 00 00 00 00 00 00 00 00 00
22:20:51 [DEBUG] MSG_UNKNOWN_NEW 0x3F00 dir=IN len=1384 body=02 00 30 02 00 20 00 00 00 00 07 00 62 72 61 63 65 72 00 00 00 19 00 74 65 5f 72 6f 61 5f 74 68
22:20:51 [DEBUG] MSG_UNKNOWN_NEW 0x0000 dir=IN len=1384 body=00 00 00 00 00 00 00 00 00 00 00 00 00 00 00 00 00 00 00 00 00 00 00 00 00 00 00 00 00 00 00 00
22:20:51 [DEBUG] MSG_UNKNOWN_NEW 0xFF00 dir=IN len=1384 body=0f 00 00 00 06 00 00 00 00 00 00 00 00 00 00 00 00 01 00 00 00 00 01 00 ff ff 00 04 00 6e 75 6c
22:20:51 [DEBUG] MSG_UNKNOWN_NEW 0x6C6C dir=IN len=1384 body=61 72 20 4b 65 79 00 00 00 00 00 00 00 00 00 00 00 00 00 00 00 00 00 00 00 00 01 00 01 00 00 00
22:20:51 [DEBUG] MSG_UNKNOWN_NEW 0x6C50 dir=IN len=1384 body=61 63 61 74 65 73 00 50 6c 61 63 61 74 65 20 79 6f 75 72 20 74 61 72 67 65 74 2c 20 72 65 64 75
22:20:51 [DEBUG] MSG_UNKNOWN_NEW 0x6F74 dir=IN len=1384 body=20 66 69 67 68 74 20 61 6c 6f 6e 67 73 69 64 65 20 79 6f 75 20 66 6f 72 20 33 30 20 73 65 63 6f
22:20:51 [DEBUG] MSG_UNKNOWN_NEW 0x4964 dir=IN len=1384 body=31 0b 00 43 61 73 74 5f 48 69 74 48 31 0a 00 6c 69 67 68 74 6e 69 6e 67 04 00 6e 69 6c 00 01 04
22:20:51 [DEBUG] MSG_UNKNOWN_NEW 0x0241 dir=IN len=1384 body=00 00 00 01 00 00 00 00 00 00 09 00 48 65 61 6c 48 61 6e 64 00 00 00 00 0b 00 48 65 61 6c 49 6d
22:20:51 [DEBUG] MSG_UNKNOWN_NEW 0x4D00 dir=IN len=1384 body=69 6e 6f 72 20 48 65 61 6c 2e 00 47 65 6e 74 6c 79 20 68 65 61 6c 20 79 6f 75 72 20 74 61 72 67
22:20:51 [DEBUG] MSG_UNKNOWN_NEW 0x0004 dir=IN len=1384 body=00 00 04 00 6e 72 6d 00 00 00 ff ff ff ff ff ff ff ff 00 00 00 03 00 00 00 0c 00 70 6c 61 63 65
22:20:51 [DEBUG] MSG_UNKNOWN_NEW 0x6968 dir=IN len=1384 body=6e 64 20 79 6f 75 72 20 74 61 72 67 65 74 2c 20 73 75 72 70 72 69 73 65 20 74 68 65 6d 20 77 69
22:20:51 [DEBUG] MSG_UNKNOWN_NEW 0x7473 dir=IN len=1384 body=2e 0a 54 68 69 73 20 61 62 69 6c 69 74 79 20 73 68 61 72 65 73 20 61 20 63 6f 6f 6c 64 6f 77 6e
22:20:51 [DEBUG] MSG_UNKNOWN_NEW 0x00FF dir=IN len=1384 body=00 00 00 03 00 6e 61 00 00 00 00 00 00 00 00 04 00 69 6e 74 00 04 00 62 65 6e 05 00 61 75 72 61
22:20:51 [DEBUG] MSG_UNKNOWN_NEW 0x6863 dir=IN len=1384 body=6f 6f 6c 20 6f 66 20 6d 61 67 69 63 20 66 6f 72 20 34 20 73 65 63 6f 6e 64 73 2e 04 00 6e 75 6c
22:20:51 [DEBUG] MSG_UNKNOWN_NEW 0x2065 dir=IN len=1384 body=73 74 75 6e 6e 65 64 2c 20 6d 65 73 6d 65 72 69 7a 65 64 2c 20 6f 72 20 66 65 61 72 65 64 2e 0d
22:20:51 [DEBUG] MSG_UNKNOWN_NEW 0x5F67 dir=IN len=1384 body=53 6f 75 6e 64 41 31 0b 00 43 61 73 74 5f 48 69 74 41 31 0c 00 6d 69 6e 69 6f 6e 77 68 69 74 65
22:20:51 [DEBUG] MSG_UNKNOWN_NEW 0x6572 dir=IN len=1384 body=61 73 69 6e 67 20 79 6f 75 72 20 72 65 73 69 73 74 61 6e 63 65 20 74 6f 20 74 68 65 6d 20 66 6f
22:20:51 [DEBUG] MSG_UNKNOWN_NEW 0x8441 dir=IN len=1384 body=9c 0d 43 2b d9 52 3d a0 59 30 b2 b0 44 44 7b e5 41 78 fc 0c 43 2a d9 00 00 00 00 00 00 00 00 01
22:20:51 [DEBUG] MSG_UNKNOWN_NEW 0x616E dir=IN len=1384 body=6b 65 00 00 00 00 00 00 04 00 73 6e 6b 02 00 6e 00 00 00 00 00 00 e8 03 00 00 e8 03 00 00 00 00
22:20:51 [DEBUG] MSG_UNKNOWN_NEW 0x0100 dir=IN len=1384 body=00 0e 00 61 20 72 61 74 74 6c 65 73 6e 61 6b 65 00 00 00 00 00 00 04 00 73 6e 6b 02 00 6e 00 00
22:20:51 [DEBUG] MSG_UNKNOWN_NEW 0x6361 dir=IN len=1384 body=65 48 61 72 76 65 73 74 4e 6f 64 65 00 00 00 00 00 00 00 00 00 00 00 00 95 b6 19 48 00 00 00 00
22:20:51 [DEBUG] MSG_UNKNOWN_NEW 0x4200 dir=IN len=1384 body=72 6f 77 6e 4c 65 61 74 68 65 72 30 32 00 00 00 00 ff 00 ff 00 ff 00 ff 00 01 00 05 0d 00 4d 65
22:20:51 [DEBUG] MSG_UNKNOWN_NEW 0xA5B1 dir=IN len=1384 body=eb 41 ad 93 73 43 5e 51 00 00 00 00 00 00 00 00 01 00 01 00 00 00 80 3f 00 00 00 00 00 00 00 00
22:20:51 [DEBUG] MSG_UNKNOWN_NEW 0x1200 dir=IN len=1384 body=00 4c 69 6d 65 73 74 6f 6e 65 20 44 65 70 6f 73 69 74 00 00 00 00 00 00 00 00 00 00 00 00 00 00
22:20:51 [DEBUG] MSG_UNKNOWN_NEW 0x706F dir=IN len=1384 body=70 79 00 00 00 00 00 00 00 00 00 00 00 00 00 00 00 00 00 00 00 00 00 00 00 00 00 00 00 00 00 00
22:20:51 [DEBUG] MSG_UNKNOWN_NEW 0x3072 dir=IN len=1384 body=32 ff 00 ff 00 ff 00 ff 00 01 00 06 00 00 00 05 00 48 61 69 72 01 00 00 02 00 05 00 46 61 63 65
22:20:51 [DEBUG] MSG_UNKNOWN_NEW 0x746F dir=IN len=1384 body=68 47 72 65 79 ff 00 ff 00 ff 00 ff 00 01 00 04 00 00 00 03 0d 00 4d 65 72 63 68 61 6e 74 30 30
22:20:51 [DEBUG] MSG_IN 0x0040 Unknown_0x0040 dir=IN body_len=39
22:20:51 [DEBUG]   PARSED type=ChatCombat eid=None target=None
22:20:51 [DEBUG] MSG_UNKNOWN_NEW 0x0228 dir=IN len=9 body=6d 5e 00 00 12 97 00 00 00
22:20:51 [DEBUG] MSG_UNKNOWN_NEW 0x0058 dir=IN len=46 body=01 00 00 00 0b 00 61 75 72 61 5f 70 69 6f 75 73 00 00 00 00 00 00 00 00 01 00 00 00 05 00 61 75
22:20:51 [DEBUG] MSG_IN 0x0040 Unknown_0x0040 dir=IN body_len=34
22:20:51 [DEBUG]   PARSED type=ChatCombat eid=None target=None
22:20:51 [DEBUG] MSG_IN 0x0040 Unknown_0x0040 dir=IN body_len=42
22:20:51 [DEBUG]   PARSED type=ChatCombat eid=None target=None
22:20:51 [DEBUG] MSG_IN 0x0040 Unknown_0x0040 dir=IN body_len=50
22:20:51 [DEBUG]   PARSED type=ChatCombat eid=None target=None
22:20:51 [DEBUG] MSG_IN 0x0056 EndCasting dir=IN body_len=33
22:20:51 [DEBUG]   PARSED type=EndCasting eid=24173 target=24173
22:20:51 [DEBUG] MSG_IN 0x0040 Unknown_0x0040 dir=IN body_len=47
22:20:51 [DEBUG]   PARSED type=ChatCombat eid=None target=None
22:20:51 [DEBUG] MSG_IN 0x0056 EndCasting dir=IN body_len=51
22:20:51 [DEBUG]   PARSED type=EndCasting eid=24173 target=24173
22:20:51 [DEBUG] MSG_UNKNOWN_NEW 0x0208 dir=IN len=641 body=10 21 02 00 00 00 00 00 00 08 00 00 00 00 00 00 00 00 00 00 00 00 00 00 00 00 00 00 00 05 00 00
22:20:51 [DEBUG] MSG_UNKNOWN_NEW 0x0089 dir=IN len=84 body=02 00 00 00 0e 00 77 65 61 70 6f 6e 5f 73 68 69 65 6c 64 d0 07 00 00 00 00 00 00 0b 00 61 75 72
22:20:51 [DEBUG] MSG_IN 0x0054 RemoveBuffIcon dir=IN body_len=8
22:20:51 [DEBUG]   PARSED type=RemoveBuffIcon eid=24173 target=None
22:20:51 [DEBUG] MSG_UNKNOWN_NEW 0x00A1 dir=IN len=28 body=6d 5e 00 00 17 00 62 75 66 66 5f 41 75 72 61 20 6f 66 20 74 68 65 20 50 69 6f 75 73
22:20:51 [DEBUG] MSG_IN 0x0054 RemoveBuffIcon dir=IN body_len=8
22:20:51 [DEBUG]   PARSED type=RemoveBuffIcon eid=24173 target=None
22:20:51 [DEBUG] MSG_UNKNOWN_NEW 0x008A dir=IN len=15 body=6d 5e 00 00 0a 00 44 6f 6f 64 6f 6f 62 75 74
22:20:51 [DEBUG] MSG_IN 0x0053 AddBuffIcon dir=IN body_len=137
22:20:51 [DEBUG]   PARSED type=AddBuffIcon eid=24173 target=None
22:20:51 [DEBUG] MSG_UNKNOWN_NEW 0x00A0 dir=IN len=39 body=6d 5e 00 00 17 00 62 75 66 66 5f 41 75 72 61 20 6f 66 20 74 68 65 20 50 69 6f 75 73 0a 00 48 6f
22:20:51 [DEBUG] MSG_IN 0x0053 AddBuffIcon dir=IN body_len=129
22:20:51 [DEBUG]   PARSED type=AddBuffIcon eid=24173 target=None
22:20:51 [DEBUG] MSG_UNKNOWN_NEW 0x0099 dir=IN len=16 body=6d 5e 00 00 00 00 00 00 00 00 00 00 00 00 00 00
22:20:51 [DEBUG] MSG_IN 0x0053 AddBuffIcon dir=IN body_len=134
22:20:51 [DEBUG]   PARSED type=AddBuffIcon eid=24173 target=None
22:20:51 [DEBUG] MSG_IN 0x0053 AddBuffIcon dir=IN body_len=149
22:20:51 [DEBUG]   PARSED type=AddBuffIcon eid=24173 target=None
22:20:51 [DEBUG] MSG_IN 0x0053 AddBuffIcon dir=IN body_len=118
22:20:51 [DEBUG]   PARSED type=AddBuffIcon eid=24173 target=None
22:20:51 [DEBUG] MSG_IN 0x0053 AddBuffIcon dir=IN body_len=116
22:20:51 [DEBUG]   PARSED type=AddBuffIcon eid=24173 target=None
22:20:51 [DEBUG] MSG_IN 0x0053 AddBuffIcon dir=IN body_len=127
22:20:51 [DEBUG]   PARSED type=AddBuffIcon eid=24173 target=None
22:20:51 [DEBUG] MSG_IN 0x0053 AddBuffIcon dir=IN body_len=153
22:20:51 [DEBUG]   PARSED type=AddBuffIcon eid=24173 target=None
22:20:51 [DEBUG] MSG_IN 0x0053 AddBuffIcon dir=IN body_len=137
22:20:51 [DEBUG]   PARSED type=AddBuffIcon eid=24173 target=None
22:20:51 [DEBUG] MSG_IN 0x0053 AddBuffIcon dir=IN body_len=129
22:20:51 [DEBUG]   PARSED type=AddBuffIcon eid=24173 target=None
22:20:51 [DEBUG] MSG_IN 0x0053 AddBuffIcon dir=IN body_len=134
22:20:51 [DEBUG]   PARSED type=AddBuffIcon eid=24173 target=None
22:20:51 [DEBUG] MSG_IN 0x0053 AddBuffIcon dir=IN body_len=149
22:20:51 [DEBUG]   PARSED type=AddBuffIcon eid=24173 target=None
22:20:51 [DEBUG] MSG_IN 0x0053 AddBuffIcon dir=IN body_len=118
22:20:51 [DEBUG]   PARSED type=AddBuffIcon eid=24173 target=None
22:20:51 [DEBUG] MSG_IN 0x0053 AddBuffIcon dir=IN body_len=116
22:20:51 [DEBUG]   PARSED type=AddBuffIcon eid=24173 target=None
22:20:51 [DEBUG] MSG_IN 0x0053 AddBuffIcon dir=IN body_len=127
22:20:51 [DEBUG]   PARSED type=AddBuffIcon eid=24173 target=None
22:20:51 [DEBUG] MSG_IN 0x0053 AddBuffIcon dir=IN body_len=153
22:20:51 [DEBUG]   PARSED type=AddBuffIcon eid=24173 target=None
22:20:51 [DEBUG] MSG_IN 0x0053 AddBuffIcon dir=IN body_len=137
22:20:51 [DEBUG]   PARSED type=AddBuffIcon eid=24173 target=None
22:20:51 [DEBUG] MSG_IN 0x0053 AddBuffIcon dir=IN body_len=129
22:20:51 [DEBUG]   PARSED type=AddBuffIcon eid=24173 target=None
22:20:51 [DEBUG] MSG_UNKNOWN_NEW 0x0059 dir=IN len=21 body=01 0b 00 61 75 72 61 5f 70 69 6f 75 73 01 05 00 61 75 72 61 00
22:20:51 [DEBUG] MSG_IN 0x0380 ClientPartyUpdate dir=IN body_len=116
22:20:51 [DEBUG] PARTY_UPDATE member_count=4 body_len=116 body_hex=04 00 00 00 00 00 00 00 a3 08 00 00 05 00 4d 66 6a 6c 00 00 00 00 00 00 00 00 00 00 be 02 00 00 07 00 4d 61 64 6d 61 6e 00 00 00 00 00 00 00 00 00 00 bf 02 00 00 09 00 43 61 6e 64 79 6d 61 6e 00 00 00 00 00 00 6d 5e 00 00 21 02 00 00 0a 00 44 6f 6f 64 6f 6f 62 75 74 04 00 70 61 6c 21 0f 00 73 75 6e 67 72 65 65 74 73 74 72 61 6e 64 00 00 00 00 00
22:20:51 [DEBUG] PARTY_MEMBER_RAW [0] eid=#0 name="Mfjl" after_name_off=19 next_bytes=00 00 00 00 00 00 00 00 00 be 02 00 00 07 00 4d 61 64 6d 61 6e 00 00 00 00 00 00 00 00 00
22:20:51 [DEBUG] PARTY_MEMBER_PARSED [0] class=None level=None zone=
22:20:51 [DEBUG] PARTY_MEMBER_RAW [1] eid=#46006272 name="None" after_name_off=34 next_bytes=4d 61 64 6d 61 6e 00 00 00 00 00 00 00 00 00 00 bf 02 00 00 09 00 43 61 6e 64 79 6d 61 6e
22:20:51 [DEBUG] PARTY_MEMBER_PARSED [1] class=adm level=97 zone=None
22:20:51 [DEBUG] PARTY_MEMBER_RAW [2] eid=#110 name="" after_name_off=49 next_bytes=00 bf 02 00 00 09 00 43 61 6e 64 79 6d 61 6e 00 00 00 00 00 00 6d 5e 00 00 21 02 00 00 0a
22:20:51 [DEBUG] PARTY_MEMBER_PARSED [2] class=None level=None zone=Candyman
22:20:51 [DEBUG] PARTY_MEMBER_RAW [3] eid=#0 name="None" after_name_off=73 next_bytes=00 21 02 00 00 0a 00 44 6f 6f 64 6f 6f 62 75 74 04 00 70 61 6c 21 0f 00 73 75 6e 67 72 65
22:20:51 [DEBUG] PARTY_MEMBER_PARSED [3] class=None level=None zone=Doodoobut
22:20:51 [DEBUG]   PARSED type=ClientPartyUpdate eid=None target=None
22:20:51 [DEBUG] PARTY_MEMBER #46006272 "None" class=adm lvl=97
22:20:51 [DEBUG] PARTY_MEMBER #110 "" class=None lvl=None
22:20:51 [DEBUG] MSG_IN 0x0022 UpdateHealth dir=IN body_len=12
22:20:51 [DEBUG]   PARSED type=UpdateHealth eid=24173 target=None
22:20:51 [DEBUG] MSG_IN 0x0023 UpdateMana dir=IN body_len=12
22:20:51 [DEBUG]   PARSED type=UpdateMana eid=24173 target=None
22:20:51 [DEBUG] MSG_IN 0x022F UpdateEndurance dir=IN body_len=12
22:20:51 [DEBUG]   PARSED type=UpdateEndurance eid=24173 target=None
22:20:51 [DEBUG] MSG_IN 0x0380 ClientPartyUpdate dir=IN body_len=116
22:20:51 [DEBUG] PARTY_UPDATE member_count=4 body_len=116 body_hex=04 00 00 00 00 00 00 00 a3 08 00 00 05 00 4d 66 6a 6c 00 00 00 00 00 00 00 00 00 00 be 02 00 00 07 00 4d 61 64 6d 61 6e 00 00 00 00 00 00 00 00 00 00 bf 02 00 00 09 00 43 61 6e 64 79 6d 61 6e 00 00 00 00 00 00 6d 5e 00 00 21 02 00 00 0a 00 44 6f 6f 64 6f 6f 62 75 74 04 00 70 61 6c 21 0f 00 73 75 6e 67 72 65 65 74 73 74 72 61 6e 64 00 00 00 00 00
22:20:51 [DEBUG] PARTY_MEMBER_RAW [0] eid=#0 name="Mfjl" after_name_off=19 next_bytes=00 00 00 00 00 00 00 00 00 be 02 00 00 07 00 4d 61 64 6d 61 6e 00 00 00 00 00 00 00 00 00
22:20:51 [DEBUG] PARTY_MEMBER_PARSED [0] class=None level=None zone=
22:20:51 [DEBUG] PARTY_MEMBER_RAW [1] eid=#46006272 name="None" after_name_off=34 next_bytes=4d 61 64 6d 61 6e 00 00 00 00 00 00 00 00 00 00 bf 02 00 00 09 00 43 61 6e 64 79 6d 61 6e
22:20:51 [DEBUG] PARTY_MEMBER_PARSED [1] class=adm level=97 zone=None
22:20:51 [DEBUG] PARTY_MEMBER_RAW [2] eid=#110 name="" after_name_off=49 next_bytes=00 bf 02 00 00 09 00 43 61 6e 64 79 6d 61 6e 00 00 00 00 00 00 6d 5e 00 00 21 02 00 00 0a
22:20:51 [DEBUG] PARTY_MEMBER_PARSED [2] class=None level=None zone=Candyman
22:20:51 [DEBUG] PARTY_MEMBER_RAW [3] eid=#0 name="None" after_name_off=73 next_bytes=00 21 02 00 00 0a 00 44 6f 6f 64 6f 6f 62 75 74 04 00 70 61 6c 21 0f 00 73 75 6e 67 72 65
22:20:51 [DEBUG] PARTY_MEMBER_PARSED [3] class=None level=None zone=Doodoobut
22:20:51 [DEBUG]   PARSED type=ClientPartyUpdate eid=None target=None
22:20:51 [DEBUG] PARTY_MEMBER #46006272 "None" class=adm lvl=97
22:20:51 [DEBUG] PARTY_MEMBER #110 "" class=None lvl=None
22:20:51 [DEBUG] MSG_UNKNOWN_NEW 0x5432 dir=IN len=4 body=00 00 00 00
22:20:51 [DEBUG] MSG_IN 0x0020 SpawnEntity dir=IN body_len=160
22:20:51 [DEBUG]   PARSED type=SpawnEntity eid=9880 target=None
22:20:51 [DEBUG] MSG_IN 0x0020 SpawnEntity dir=IN body_len=155
22:20:51 [DEBUG]   PARSED type=SpawnEntity eid=20463 target=None
22:20:51 [DEBUG] MSG_IN 0x0020 SpawnEntity dir=IN body_len=211
22:20:51 [DEBUG]   PARSED type=SpawnEntity eid=20472 target=None
22:20:51 [DEBUG] MSG_IN 0x0020 SpawnEntity dir=IN body_len=160
22:20:51 [DEBUG]   PARSED type=SpawnEntity eid=24267 target=None
22:20:51 [DEBUG] MSG_IN 0x0020 SpawnEntity dir=IN body_len=673
22:20:51 [DEBUG]   PARSED type=SpawnEntity eid=19502 target=None
22:20:51 [DEBUG] MSG_IN 0x0020 SpawnEntity dir=IN body_len=173
22:20:51 [DEBUG]   PARSED type=SpawnEntity eid=17021 target=None
22:20:51 [DEBUG] MSG_IN 0x0020 SpawnEntity dir=IN body_len=211
22:20:51 [DEBUG]   PARSED type=SpawnEntity eid=17029 target=None
22:20:51 [DEBUG] MSG_IN 0x0020 SpawnEntity dir=IN body_len=211
22:20:51 [DEBUG]   PARSED type=SpawnEntity eid=12584 target=None
22:20:51 [DEBUG] MSG_IN 0x0020 SpawnEntity dir=IN body_len=169
22:20:51 [DEBUG]   PARSED type=SpawnEntity eid=23396 target=None
22:20:51 [DEBUG] MSG_IN 0x0020 SpawnEntity dir=IN body_len=211
22:20:51 [DEBUG]   PARSED type=SpawnEntity eid=20785 target=None
22:20:51 [DEBUG] MSG_IN 0x0020 SpawnEntity dir=IN body_len=651
22:20:51 [DEBUG]   PARSED type=SpawnEntity eid=10289 target=None
22:20:51 [DEBUG] MSG_IN 0x0020 SpawnEntity dir=IN body_len=624
22:20:51 [DEBUG]   PARSED type=SpawnEntity eid=10293 target=None
22:20:51 [DEBUG] MSG_IN 0x0020 SpawnEntity dir=IN body_len=624
22:20:51 [DEBUG]   PARSED type=SpawnEntity eid=10290 target=None
22:20:51 [DEBUG] MSG_IN 0x0020 SpawnEntity dir=IN body_len=624
22:20:51 [DEBUG]   PARSED type=SpawnEntity eid=10294 target=None
22:20:51 [DEBUG] MSG_IN 0x0020 SpawnEntity dir=IN body_len=1042
22:20:51 [DEBUG]   PARSED type=SpawnEntity eid=10086 target=None
22:20:51 [DEBUG] MSG_IN 0x0020 SpawnEntity dir=IN body_len=211
22:20:51 [DEBUG]   PARSED type=SpawnEntity eid=14872 target=None
22:20:51 [DEBUG] MSG_IN 0x0020 SpawnEntity dir=IN body_len=150
22:20:51 [DEBUG]   PARSED type=SpawnEntity eid=9789 target=None
22:20:51 [DEBUG] MSG_IN 0x0020 SpawnEntity dir=IN body_len=211
22:20:51 [DEBUG]   PARSED type=SpawnEntity eid=20768 target=None
22:20:51 [DEBUG] MSG_IN 0x0020 SpawnEntity dir=IN body_len=150
22:20:51 [DEBUG]   PARSED type=SpawnEntity eid=11842 target=None
22:20:51 [DEBUG] MSG_IN 0x0020 SpawnEntity dir=IN body_len=150
22:20:51 [DEBUG]   PARSED type=SpawnEntity eid=20140 target=None
22:20:51 [DEBUG] MSG_IN 0x0020 SpawnEntity dir=IN body_len=160
22:20:51 [DEBUG]   PARSED type=SpawnEntity eid=17225 target=None
22:20:51 [DEBUG] MSG_IN 0x0020 SpawnEntity dir=IN body_len=211
22:20:51 [DEBUG]   PARSED type=SpawnEntity eid=13536 target=None
22:20:51 [DEBUG] MSG_IN 0x0020 SpawnEntity dir=IN body_len=168
22:20:51 [DEBUG]   PARSED type=SpawnEntity eid=16538 target=None
22:20:51 [DEBUG] MSG_IN 0x0020 SpawnEntity dir=IN body_len=155
22:20:51 [DEBUG]   PARSED type=SpawnEntity eid=21704 target=None
22:20:51 [DEBUG] MSG_IN 0x0020 SpawnEntity dir=IN body_len=773
22:20:51 [DEBUG]   PARSED type=SpawnEntity eid=10291 target=None
22:20:51 [DEBUG] MSG_IN 0x0020 SpawnEntity dir=IN body_len=651
22:20:51 [DEBUG]   PARSED type=SpawnEntity eid=10288 target=None
22:20:51 [DEBUG] MSG_IN 0x0020 SpawnEntity dir=IN body_len=651
22:20:51 [DEBUG]   PARSED type=SpawnEntity eid=10292 target=None
22:20:51 [DEBUG] MSG_IN 0x0020 SpawnEntity dir=IN body_len=197
22:20:51 [DEBUG]   PARSED type=SpawnEntity eid=20791 target=None
22:20:51 [DEBUG] MSG_IN 0x0020 SpawnEntity dir=IN body_len=211
22:20:51 [DEBUG]   PARSED type=SpawnEntity eid=20792 target=None
22:20:51 [DEBUG] MSG_IN 0x0020 SpawnEntity dir=IN body_len=211
22:20:51 [DEBUG]   PARSED type=SpawnEntity eid=21911 target=None
22:20:51 [DEBUG] MSG_IN 0x0020 SpawnEntity dir=IN body_len=168
22:20:51 [DEBUG]   PARSED type=SpawnEntity eid=23038 target=None
22:20:51 [DEBUG] MSG_IN 0x0020 SpawnEntity dir=IN body_len=230
22:20:51 [DEBUG]   PARSED type=SpawnEntity eid=11446 target=None
22:20:51 [DEBUG] MSG_IN 0x0020 SpawnEntity dir=IN body_len=211
22:20:51 [DEBUG]   PARSED type=SpawnEntity eid=20538 target=None
22:20:51 [DEBUG] MSG_IN 0x0020 SpawnEntity dir=IN body_len=372
22:20:51 [DEBUG]   PARSED type=SpawnEntity eid=23425 target=None
22:20:51 [DEBUG] MSG_IN 0x0020 SpawnEntity dir=IN body_len=170
22:20:51 [DEBUG]   PARSED type=SpawnEntity eid=24157 target=None
22:20:51 [DEBUG] MSG_IN 0x0020 SpawnEntity dir=IN body_len=230
22:20:51 [DEBUG]   PARSED type=SpawnEntity eid=14933 target=None
22:20:51 [DEBUG] MSG_IN 0x0020 SpawnEntity dir=IN body_len=354
22:20:51 [DEBUG]   PARSED type=SpawnEntity eid=21361 target=None
22:20:51 [DEBUG] MSG_IN 0x0020 SpawnEntity dir=IN body_len=169
22:20:51 [DEBUG]   PARSED type=SpawnEntity eid=23063 target=None
22:20:51 [DEBUG] MSG_IN 0x0020 SpawnEntity dir=IN body_len=230
22:20:51 [DEBUG]   PARSED type=SpawnEntity eid=20738 target=None
22:20:51 [DEBUG] MSG_IN 0x0020 SpawnEntity dir=IN body_len=155
22:20:51 [DEBUG]   PARSED type=SpawnEntity eid=12947 target=None
22:20:51 [DEBUG] MSG_IN 0x0020 SpawnEntity dir=IN body_len=170
22:20:51 [DEBUG]   PARSED type=SpawnEntity eid=23513 target=None
22:20:51 [DEBUG] MSG_IN 0x0020 SpawnEntity dir=IN body_len=155
22:20:51 [DEBUG]   PARSED type=SpawnEntity eid=23633 target=None
22:20:51 [DEBUG] MSG_IN 0x0020 SpawnEntity dir=IN body_len=170
22:20:51 [DEBUG]   PARSED type=SpawnEntity eid=24328 target=None
22:20:51 [DEBUG] MSG_IN 0x0020 SpawnEntity dir=IN body_len=160
22:20:51 [DEBUG]   PARSED type=SpawnEntity eid=9853 target=None
22:20:51 [DEBUG] MSG_IN 0x0020 SpawnEntity dir=IN body_len=155
22:20:51 [DEBUG]   PARSED type=SpawnEntity eid=20075 target=None
22:20:51 [DEBUG] MSG_IN 0x0020 SpawnEntity dir=IN body_len=168
22:20:51 [DEBUG]   PARSED type=SpawnEntity eid=16929 target=None
22:20:51 [DEBUG] MSG_IN 0x0020 SpawnEntity dir=IN body_len=160
22:20:51 [DEBUG]   PARSED type=SpawnEntity eid=10059 target=None
22:20:51 [DEBUG] MSG_IN 0x0020 SpawnEntity dir=IN body_len=168
22:20:51 [DEBUG]   PARSED type=SpawnEntity eid=20789 target=None
22:20:51 [DEBUG] MSG_IN 0x0020 SpawnEntity dir=IN body_len=211
22:20:51 [DEBUG]   PARSED type=SpawnEntity eid=11881 target=None
22:20:51 [DEBUG] MSG_IN 0x0020 SpawnEntity dir=IN body_len=168
22:20:51 [DEBUG]   PARSED type=SpawnEntity eid=20480 target=None
22:20:51 [DEBUG] MSG_IN 0x0020 SpawnEntity dir=IN body_len=165
22:20:51 [DEBUG]   PARSED type=SpawnEntity eid=18592 target=None
22:20:51 [DEBUG] MSG_IN 0x0020 SpawnEntity dir=IN body_len=197
22:20:51 [DEBUG]   PARSED type=SpawnEntity eid=11248 target=None
22:20:51 [DEBUG] MSG_IN 0x0020 SpawnEntity dir=IN body_len=463
22:20:51 [DEBUG]   PARSED type=SpawnEntity eid=23080 target=None
22:20:51 [DEBUG] MSG_IN 0x0020 SpawnEntity dir=IN body_len=211
22:20:51 [DEBUG]   PARSED type=SpawnEntity eid=23090 target=None
22:20:51 [DEBUG] MSG_IN 0x0020 SpawnEntity dir=IN body_len=471
22:20:51 [DEBUG]   PARSED type=SpawnEntity eid=23159 target=None
22:20:51 [DEBUG] MSG_IN 0x0020 SpawnEntity dir=IN body_len=168
22:20:51 [DEBUG]   PARSED type=SpawnEntity eid=12702 target=None
22:20:51 [DEBUG] MSG_IN 0x0020 SpawnEntity dir=IN body_len=167
22:20:51 [DEBUG]   PARSED type=SpawnEntity eid=23214 target=None
22:20:51 [DEBUG] MSG_IN 0x0020 SpawnEntity dir=IN body_len=161
22:20:51 [DEBUG]   PARSED type=SpawnEntity eid=21135 target=None
22:20:51 [DEBUG] MSG_IN 0x0020 SpawnEntity dir=IN body_len=211
22:20:51 [DEBUG]   PARSED type=SpawnEntity eid=20607 target=None
22:20:51 [DEBUG] MSG_IN 0x0020 SpawnEntity dir=IN body_len=197
22:20:51 [DEBUG]   PARSED type=SpawnEntity eid=21964 target=None
22:20:51 [DEBUG] MSG_IN 0x0020 SpawnEntity dir=IN body_len=542
22:20:51 [DEBUG]   PARSED type=SpawnEntity eid=12979 target=None
22:20:51 [DEBUG] MSG_IN 0x0053 AddBuffIcon dir=IN body_len=134
22:20:51 [DEBUG]   PARSED type=AddBuffIcon eid=24173 target=None
22:20:51 [DEBUG] MSG_IN 0x0053 AddBuffIcon dir=IN body_len=149
22:20:51 [DEBUG]   PARSED type=AddBuffIcon eid=24173 target=None
22:20:51 [DEBUG] MSG_IN 0x0053 AddBuffIcon dir=IN body_len=118
22:20:51 [DEBUG]   PARSED type=AddBuffIcon eid=24173 target=None
22:20:51 [DEBUG] MSG_IN 0x0053 AddBuffIcon dir=IN body_len=116
22:20:51 [DEBUG]   PARSED type=AddBuffIcon eid=24173 target=None
22:20:51 [DEBUG] MSG_IN 0x0053 AddBuffIcon dir=IN body_len=127
22:20:51 [DEBUG]   PARSED type=AddBuffIcon eid=24173 target=None
22:20:51 [DEBUG] MSG_IN 0x0053 AddBuffIcon dir=IN body_len=153
22:20:51 [DEBUG]   PARSED type=AddBuffIcon eid=24173 target=None
22:20:51 [DEBUG] MSG_IN 0x0053 AddBuffIcon dir=IN body_len=137
22:20:51 [DEBUG]   PARSED type=AddBuffIcon eid=24173 target=None
22:20:51 [DEBUG] MSG_IN 0x0053 AddBuffIcon dir=IN body_len=129
22:20:51 [DEBUG]   PARSED type=AddBuffIcon eid=24173 target=None
22:20:51 [DEBUG] MSG_IN 0x0020 SpawnEntity dir=IN body_len=211
22:20:51 [DEBUG]   PARSED type=SpawnEntity eid=12981 target=None
22:20:51 [DEBUG] MSG_IN 0x0020 SpawnEntity dir=IN body_len=471
22:20:51 [DEBUG]   PARSED type=SpawnEntity eid=12984 target=None
22:20:51 [DEBUG] MSG_IN 0x0020 SpawnEntity dir=IN body_len=580
22:20:51 [DEBUG]   PARSED type=SpawnEntity eid=12982 target=None
22:20:51 [DEBUG] MSG_IN 0x0020 SpawnEntity dir=IN body_len=211
22:20:51 [DEBUG]   PARSED type=SpawnEntity eid=12985 target=None
22:20:51 [DEBUG] MSG_IN 0x0020 SpawnEntity dir=IN body_len=150
22:20:51 [DEBUG]   PARSED type=SpawnEntity eid=22833 target=None
22:20:51 [DEBUG] MSG_IN 0x0020 SpawnEntity dir=IN body_len=150
22:20:51 [DEBUG]   PARSED type=SpawnEntity eid=23528 target=None
22:20:51 [DEBUG] MSG_IN 0x0020 SpawnEntity dir=IN body_len=164
22:20:51 [DEBUG]   PARSED type=SpawnEntity eid=23901 target=None
22:20:51 [DEBUG] MSG_IN 0x0020 SpawnEntity dir=IN body_len=164
22:20:51 [DEBUG]   PARSED type=SpawnEntity eid=13380 target=None
22:20:51 [DEBUG] MSG_IN 0x0020 SpawnEntity dir=IN body_len=167
22:20:51 [DEBUG]   PARSED type=SpawnEntity eid=24211 target=None
22:20:51 [DEBUG] MSG_IN 0x0020 SpawnEntity dir=IN body_len=167
22:20:51 [DEBUG]   PARSED type=SpawnEntity eid=24252 target=None
22:20:51 [DEBUG] MSG_IN 0x0020 SpawnEntity dir=IN body_len=167
22:20:51 [DEBUG]   PARSED type=SpawnEntity eid=23192 target=None
22:20:51 [DEBUG] MSG_IN 0x0020 SpawnEntity dir=IN body_len=167
22:20:51 [DEBUG]   PARSED type=SpawnEntity eid=23194 target=None
22:20:51 [DEBUG] MSG_IN 0x0020 SpawnEntity dir=IN body_len=168
22:20:51 [DEBUG]   PARSED type=SpawnEntity eid=22161 target=None
22:20:51 [DEBUG] MSG_IN 0x0020 SpawnEntity dir=IN body_len=160
22:20:51 [DEBUG]   PARSED type=SpawnEntity eid=9949 target=None
22:20:51 [DEBUG] MSG_IN 0x0020 SpawnEntity dir=IN body_len=159
22:20:51 [DEBUG]   PARSED type=SpawnEntity eid=17396 target=None
22:20:51 [DEBUG] MSG_IN 0x0020 SpawnEntity dir=IN body_len=211
22:20:51 [DEBUG]   PARSED type=SpawnEntity eid=23127 target=None
22:20:51 [DEBUG] MSG_IN 0x0020 SpawnEntity dir=IN body_len=211
22:20:51 [DEBUG]   PARSED type=SpawnEntity eid=23143 target=None
22:20:51 [DEBUG] MSG_IN 0x0020 SpawnEntity dir=IN body_len=613
22:20:51 [DEBUG]   PARSED type=SpawnEntity eid=23134 target=None
22:20:51 [DEBUG] MSG_IN 0x0020 SpawnEntity dir=IN body_len=505
22:20:51 [DEBUG]   PARSED type=SpawnEntity eid=12990 target=None
22:20:51 [DEBUG] MSG_IN 0x0020 SpawnEntity dir=IN body_len=463
22:20:51 [DEBUG]   PARSED type=SpawnEntity eid=23136 target=None
22:20:51 [DEBUG] MSG_IN 0x0020 SpawnEntity dir=IN body_len=555
22:20:51 [DEBUG]   PARSED type=SpawnEntity eid=23162 target=None
22:20:51 [DEBUG] MSG_IN 0x0020 SpawnEntity dir=IN body_len=211
22:20:51 [DEBUG]   PARSED type=SpawnEntity eid=12988 target=None
22:20:51 [DEBUG] MSG_IN 0x0020 SpawnEntity dir=IN body_len=580
22:20:51 [DEBUG]   PARSED type=SpawnEntity eid=23148 target=None
22:20:51 [DEBUG] MSG_IN 0x0020 SpawnEntity dir=IN body_len=211
22:20:51 [DEBUG]   PARSED type=SpawnEntity eid=12992 target=None
22:20:51 [DEBUG] MSG_IN 0x0020 SpawnEntity dir=IN body_len=438
22:20:51 [DEBUG]   PARSED type=SpawnEntity eid=23130 target=None
22:20:51 [DEBUG] MSG_IN 0x0020 SpawnEntity dir=IN body_len=211
22:20:51 [DEBUG]   PARSED type=SpawnEntity eid=23101 target=None
22:20:51 [DEBUG] MSG_IN 0x0020 SpawnEntity dir=IN body_len=580
22:20:51 [DEBUG]   PARSED type=SpawnEntity eid=23105 target=None
22:20:51 [DEBUG] MSG_IN 0x0020 SpawnEntity dir=IN body_len=211
22:20:51 [DEBUG]   PARSED type=SpawnEntity eid=23107 target=None
22:20:51 [DEBUG] MSG_IN 0x0020 SpawnEntity dir=IN body_len=211
22:20:51 [DEBUG]   PARSED type=SpawnEntity eid=23124 target=None
22:20:51 [DEBUG] MSG_IN 0x0020 SpawnEntity dir=IN body_len=538
22:20:51 [DEBUG]   PARSED type=SpawnEntity eid=23151 target=None
22:20:51 [DEBUG] MSG_IN 0x0020 SpawnEntity dir=IN body_len=505
22:20:51 [DEBUG]   PARSED type=SpawnEntity eid=23125 target=None
22:20:51 [DEBUG] MSG_IN 0x0020 SpawnEntity dir=IN body_len=691
22:20:51 [DEBUG]   PARSED type=SpawnEntity eid=23112 target=None
22:20:51 [DEBUG] MSG_IN 0x0020 SpawnEntity dir=IN body_len=168
22:20:51 [DEBUG]   PARSED type=SpawnEntity eid=11054 target=None
22:20:51 [DEBUG] MSG_IN 0x0020 SpawnEntity dir=IN body_len=154
22:20:51 [DEBUG]   PARSED type=SpawnEntity eid=14800 target=None
22:20:51 [DEBUG] MSG_IN 0x0020 SpawnEntity dir=IN body_len=168
22:20:51 [DEBUG]   PARSED type=SpawnEntity eid=14169 target=None
22:20:51 [DEBUG] MSG_IN 0x0020 SpawnEntity dir=IN body_len=154
22:20:51 [DEBUG]   PARSED type=SpawnEntity eid=14161 target=None
22:20:51 [DEBUG] MSG_IN 0x0020 SpawnEntity dir=IN body_len=211
22:20:51 [DEBUG]   PARSED type=SpawnEntity eid=18145 target=None
22:20:51 [DEBUG] MSG_IN 0x0020 SpawnEntity dir=IN body_len=168
22:20:51 [DEBUG]   PARSED type=SpawnEntity eid=20508 target=None
22:20:51 [DEBUG] MSG_IN 0x0020 SpawnEntity dir=IN body_len=230
22:20:51 [DEBUG]   PARSED type=SpawnEntity eid=20460 target=None
22:20:51 [DEBUG] MSG_IN 0x0020 SpawnEntity dir=IN body_len=197
22:20:51 [DEBUG]   PARSED type=SpawnEntity eid=13220 target=None
22:20:51 [DEBUG] MSG_IN 0x0020 SpawnEntity dir=IN body_len=168
22:20:51 [DEBUG]   PARSED type=SpawnEntity eid=18560 target=None
22:20:51 [DEBUG] MSG_IN 0x0020 SpawnEntity dir=IN body_len=160
22:20:51 [DEBUG]   PARSED type=SpawnEntity eid=11867 target=None
22:20:51 [DEBUG] MSG_IN 0x0020 SpawnEntity dir=IN body_len=165
22:20:51 [DEBUG]   PARSED type=SpawnEntity eid=18574 target=None
22:20:51 [DEBUG] MSG_IN 0x0020 SpawnEntity dir=IN body_len=168
22:20:51 [DEBUG]   PARSED type=SpawnEntity eid=19787 target=None
22:20:51 [DEBUG] MSG_IN 0x0020 SpawnEntity dir=IN body_len=155
22:20:51 [DEBUG]   PARSED type=SpawnEntity eid=20611 target=None
22:20:51 [DEBUG] MSG_IN 0x0020 SpawnEntity dir=IN body_len=154
22:20:51 [DEBUG]   PARSED type=SpawnEntity eid=12087 target=None
22:20:51 [DEBUG] MSG_UNKNOWN_NEW 0x0006 dir=IN len=0 body=
22:20:52 [DEBUG] MSG_UNKNOWN_NEW 0x0015 dir=OUT len=5 body=6d 5e 00 00 00
22:20:52 [DEBUG] MSG_IN 0x0023 UpdateMana dir=IN body_len=12
22:20:52 [DEBUG]   PARSED type=UpdateMana eid=23162 target=None
22:20:53 [DEBUG] MSG_IN 0x0022 UpdateHealth dir=IN body_len=12
22:20:53 [DEBUG]   PARSED type=UpdateHealth eid=13380 target=None
22:20:53 [DEBUG] MSG_IN 0x0023 UpdateMana dir=IN body_len=12
22:20:53 [DEBUG]   PARSED type=UpdateMana eid=23162 target=None
22:20:53 [DEBUG] MSG_IN 0x0022 UpdateHealth dir=IN body_len=12
22:20:53 [DEBUG]   PARSED type=UpdateHealth eid=23901 target=None
22:20:53 [DEBUG] MSG_IN 0x0020 SpawnEntity dir=IN body_len=211
22:20:53 [DEBUG]   PARSED type=SpawnEntity eid=20570 target=None
22:20:53 [DEBUG] MSG_IN 0x0020 SpawnEntity dir=IN body_len=168
22:20:53 [DEBUG]   PARSED type=SpawnEntity eid=17129 target=None
22:20:53 [DEBUG] MSG_IN 0x0020 SpawnEntity dir=IN body_len=161
22:20:53 [DEBUG]   PARSED type=SpawnEntity eid=23549 target=None
22:20:53 [DEBUG] MSG_IN 0x0020 SpawnEntity dir=IN body_len=197
22:20:53 [DEBUG]   PARSED type=SpawnEntity eid=13307 target=None
22:20:53 [DEBUG] MSG_IN 0x0020 SpawnEntity dir=IN body_len=211
22:20:53 [DEBUG]   PARSED type=SpawnEntity eid=20837 target=None
22:20:53 [DEBUG] MSG_IN 0x0020 SpawnEntity dir=IN body_len=160
22:20:53 [DEBUG]   PARSED type=SpawnEntity eid=9880 target=None
22:20:53 [DEBUG] MSG_IN 0x0020 SpawnEntity dir=IN body_len=155
22:20:53 [DEBUG]   PARSED type=SpawnEntity eid=20463 target=None
22:20:53 [DEBUG] MSG_IN 0x0020 SpawnEntity dir=IN body_len=211
22:20:53 [DEBUG]   PARSED type=SpawnEntity eid=20472 target=None
22:20:53 [DEBUG] MSG_IN 0x0020 SpawnEntity dir=IN body_len=211
22:20:53 [DEBUG]   PARSED type=SpawnEntity eid=12584 target=None
22:20:53 [DEBUG] MSG_IN 0x0020 SpawnEntity dir=IN body_len=211
22:20:53 [DEBUG]   PARSED type=SpawnEntity eid=14872 target=None
22:20:53 [DEBUG] MSG_IN 0x0020 SpawnEntity dir=IN body_len=230
22:20:53 [DEBUG]   PARSED type=SpawnEntity eid=14933 target=None
22:20:53 [DEBUG] MSG_IN 0x0020 SpawnEntity dir=IN body_len=230
22:20:53 [DEBUG]   PARSED type=SpawnEntity eid=20738 target=None
22:20:53 [DEBUG] MSG_IN 0x0020 SpawnEntity dir=IN body_len=170
22:20:53 [DEBUG]   PARSED type=SpawnEntity eid=24328 target=None
22:20:53 [DEBUG] MSG_IN 0x0020 SpawnEntity dir=IN body_len=160
22:20:53 [DEBUG]   PARSED type=SpawnEntity eid=9853 target=None
22:20:53 [DEBUG] MSG_IN 0x0020 SpawnEntity dir=IN body_len=155
22:20:53 [DEBUG]   PARSED type=SpawnEntity eid=20075 target=None
22:20:53 [DEBUG] MSG_IN 0x0020 SpawnEntity dir=IN body_len=160
22:20:53 [DEBUG]   PARSED type=SpawnEntity eid=10059 target=None
22:20:53 [DEBUG] MSG_IN 0x0020 SpawnEntity dir=IN body_len=168
22:20:53 [DEBUG]   PARSED type=SpawnEntity eid=20789 target=None
22:20:53 [DEBUG] MSG_IN 0x0020 SpawnEntity dir=IN body_len=168
22:20:53 [DEBUG]   PARSED type=SpawnEntity eid=22161 target=None
22:20:53 [DEBUG] MSG_IN 0x0020 SpawnEntity dir=IN body_len=211
22:20:53 [DEBUG]   PARSED type=SpawnEntity eid=18145 target=None
22:20:53 [DEBUG] MSG_IN 0x0020 SpawnEntity dir=IN body_len=160
22:20:53 [DEBUG]   PARSED type=SpawnEntity eid=11867 target=None
22:20:53 [DEBUG] MSG_UNKNOWN_NEW 0x0220 dir=OUT len=4 body=91 56 00 00
22:20:54 [DEBUG] MSG_IN 0x0020 SpawnEntity dir=IN body_len=211
22:20:54 [DEBUG]   PARSED type=SpawnEntity eid=14872 target=None
22:20:54 [DEBUG] MSG_IN 0x0020 SpawnEntity dir=IN body_len=230
22:20:54 [DEBUG]   PARSED type=SpawnEntity eid=20460 target=None
22:20:56 [DEBUG] MSG_IN 0x0021 DespawnEntity dir=IN body_len=5
22:20:56 [DEBUG]   PARSED type=DespawnEntity eid=24329 target=None
22:20:57 [DEBUG] MSG_IN 0x0022 UpdateHealth dir=IN body_len=12
22:20:57 [DEBUG]   PARSED type=UpdateHealth eid=24173 target=None
22:20:57 [DEBUG] MSG_IN 0x0023 UpdateMana dir=IN body_len=12
22:20:57 [DEBUG]   PARSED type=UpdateMana eid=24173 target=None
22:20:57 [DEBUG] MSG_IN 0x022F UpdateEndurance dir=IN body_len=12
22:20:57 [DEBUG]   PARSED type=UpdateEndurance eid=24173 target=None
22:20:58 [DEBUG] GUI_STATE view=overview encounters=0 entity_types={'type0': 2} names=0 local_eid=None player_name="" classes={46006272: 'adm'} levels={46006272: 97}
22:20:58 [DEBUG] MSG_IN 0x0021 DespawnEntity dir=IN body_len=5
22:20:58 [DEBUG]   PARSED type=DespawnEntity eid=24346 target=None
22:20:58 [DEBUG] MSG_IN 0x0020 SpawnEntity dir=IN body_len=211
22:20:58 [DEBUG]   PARSED type=SpawnEntity eid=13220 target=None
