22:22:28 [DEBUG] MSG_UNKNOWN_NEW 0x0210 dir=IN len=41 body=8e 2c 00 00 f4 cc 2f 00 01 ae f3 61 44 a4 7e f8 41 4e fb 1b 43 fb d8 52 3d a0 59 40 c2 61 44 b4
22:22:28 [DEBUG] MSG_UNKNOWN_NEW 0x0220 dir=OUT len=4 body=9e 31 00 00
22:22:28 [DEBUG] MSG_UNKNOWN_NEW 0x0010 dir=OUT len=43 body=00 00 00 00 00 00 00 00 00 00 00 00 9c e9 6c 44 51 2c ff 41 06 7f 33 43 2d 00 82 43 32 fd 18 00
22:22:28 [DEBUG] MSG_UNKNOWN_NEW 0x0221 dir=OUT len=16 body=03 00 00 00 98 5a 00 00 9a 5a 00 00 ae 5a 00 00
22:22:29 [DEBUG] MSG_IN 0x0020 SpawnEntity dir=IN body_len=168
22:22:29 [DEBUG]   PARSED type=SpawnEntity eid=12702 target=None
22:22:29 [DEBUG] MSG_IN 0x0020 SpawnEntity dir=IN body_len=167
22:22:29 [DEBUG]   PARSED type=SpawnEntity eid=24211 target=None
22:22:29 [DEBUG] MSG_IN 0x0020 SpawnEntity dir=IN body_len=167
22:22:29 [DEBUG]   PARSED type=SpawnEntity eid=24252 target=None
22:22:29 [DEBUG] OVERVIEW_RENDER enc=0 total_dmg=0 dur=0.0s entries=0 local_eid=None player_name="" pet_states={} entity_types_sample={}
22:22:30 [DEBUG] MSG_IN 0x0022 UpdateHealth dir=IN body_len=12
22:22:30 [DEBUG]   PARSED type=UpdateHealth eid=13380 target=None
22:22:30 [DEBUG] MSG_IN 0x0022 UpdateHealth dir=IN body_len=12
22:22:30 [DEBUG]   PARSED type=UpdateHealth eid=23901 target=None
22:22:30 [DEBUG] MSG_IN 0x0020 SpawnEntity dir=IN body_len=164
22:22:30 [DEBUG]   PARSED type=SpawnEntity eid=13380 target=None
22:22:30 [DEBUG] MSG_IN 0x0020 SpawnEntity dir=IN body_len=168
22:22:30 [DEBUG]   PARSED type=SpawnEntity eid=11046 target=None
22:22:30 [DEBUG] MSG_UNKNOWN_NEW 0x016F dir=OUT len=0 body=
22:22:30 [DEBUG] MSG_UNKNOWN_NEW 0x001E dir=IN len=8 body=97 9e 62 09 00 00 00 00
22:22:30 [DEBUG] MSG_UNKNOWN_NEW 0x001F dir=OUT len=8 body=97 9e 62 09 00 00 00 00
22:22:30 [DEBUG] MSG_IN 0x0020 SpawnEntity dir=IN body_len=167
22:22:30 [DEBUG]   PARSED type=SpawnEntity eid=23192 target=None
22:22:30 [DEBUG] MSG_IN 0x0020 SpawnEntity dir=IN body_len=167
22:22:30 [DEBUG]   PARSED type=SpawnEntity eid=23194 target=None
22:22:30 [DEBUG] MSG_IN 0x0020 SpawnEntity dir=IN body_len=167
22:22:30 [DEBUG]   PARSED type=SpawnEntity eid=23214 target=None
22:22:30 [DEBUG] MSG_UNKNOWN_NEW 0x0003 dir=IN len=1384 body=21 02 00 00 6d 5e 00 00 0a 00 44 6f 6f 64 6f 6f 62 75 74 00 00 04 00 5a 65 6b 03 00 00 00 04 00
22:22:30 [DEBUG] MSG_UNKNOWN_NEW 0x0332 dir=IN len=1384 body=21 02 00 00 00 00 00 00 07 00 01 00 ff ff 00 00 00 00 00 00 00 01 00 00 00 0d 00 64 69 73 65 6e
22:22:30 [DEBUG] MSG_UNKNOWN_NEW 0x0579 dir=IN len=1384 body=00 72 69 6e 67 92 0d 07 00 00 00 00 00 14 00 6b 70 62 5f 62 61 6e 64 69 74 5f 66 74 72 5f 72 69
22:22:30 [DEBUG] MSG_UNKNOWN_NEW 0x6B6F dir=IN len=1384 body=5f 6d 61 72 6b 5f 77 72 69 74 69 6e 67 00 00 00 0b 00 73 63 72 61 70 5f 70 61 63 6b 14 00 53 68
22:22:30 [DEBUG] MSG_UNKNOWN_NEW 0x0400 dir=IN len=1384 body=00 6e 75 6c 00 00 00 00 00 00 00 00 00 00 00 00 00 00 00 00 00 00 00 00 00 00 00 00 00 00 00 00
22:22:30 [DEBUG] MSG_UNKNOWN_NEW 0x3F00 dir=IN len=1384 body=02 00 30 02 00 20 00 00 00 00 07 00 62 72 61 63 65 72 00 00 00 19 00 74 65 5f 72 6f 61 5f 74 68
22:22:30 [DEBUG] MSG_UNKNOWN_NEW 0x0000 dir=IN len=1384 body=00 00 00 00 00 00 00 00 00 00 00 00 00 00 00 00 00 00 00 00 00 00 00 00 00 00 00 00 00 00 00 00
22:22:30 [DEBUG] MSG_UNKNOWN_NEW 0xFF00 dir=IN len=1384 body=0f 00 00 00 06 00 00 00 00 00 00 00 00 00 00 00 00 01 00 00 00 00 01 00 ff ff 00 04 00 6e 75 6c
22:22:31 [DEBUG] MSG_UNKNOWN_NEW 0x6C6C dir=IN len=1384 body=61 72 20 4b 65 79 00 00 00 00 00 00 00 00 00 00 00 00 00 00 00 00 00 00 00 00 01 00 01 00 00 00
22:22:31 [DEBUG] MSG_UNKNOWN_NEW 0x6C50 dir=IN len=1384 body=61 63 61 74 65 73 00 50 6c 61 63 61 74 65 20 79 6f 75 72 20 74 61 72 67 65 74 2c 20 72 65 64 75
22:22:31 [DEBUG] MSG_UNKNOWN_NEW 0x6F74 dir=IN len=1384 body=20 66 69 67 68 74 20 61 6c 6f 6e 67 73 69 64 65 20 79 6f 75 20 66 6f 72 20 33 30 20 73 65 63 6f
22:22:31 [DEBUG] MSG_UNKNOWN_NEW 0x4964 dir=IN len=1384 body=31 0b 00 43 61 73 74 5f 48 69 74 48 31 0a 00 6c 69 67 68 74 6e 69 6e 67 04 00 6e 69 6c 00 01 04
22:22:31 [DEBUG] MSG_UNKNOWN_NEW 0x0241 dir=IN len=1384 body=00 00 00 01 00 00 00 00 00 00 09 00 48 65 61 6c 48 61 6e 64 00 00 00 00 0b 00 48 65 61 6c 49 6d
22:22:31 [DEBUG] MSG_UNKNOWN_NEW 0x4D00 dir=IN len=1384 body=69 6e 6f 72 20 48 65 61 6c 2e 00 47 65 6e 74 6c 79 20 68 65 61 6c 20 79 6f 75 72 20 74 61 72 67
22:22:31 [DEBUG] MSG_UNKNOWN_NEW 0x0004 dir=IN len=1384 body=00 00 04 00 6e 72 6d 00 00 00 ff ff ff ff ff ff ff ff 00 00 00 03 00 00 00 0c 00 70 6c 61 63 65
22:22:31 [DEBUG] MSG_UNKNOWN_NEW 0x6968 dir=IN len=1384 body=6e 64 20 79 6f 75 72 20 74 61 72 67 65 74 2c 20 73 75 72 70 72 69 73 65 20 74 68 65 6d 20 77 69
22:22:31 [DEBUG] MSG_UNKNOWN_NEW 0x7473 dir=IN len=1384 body=2e 0a 54 68 69 73 20 61 62 69 6c 69 74 79 20 73 68 61 72 65 73 20 61 20 63 6f 6f 6c 64 6f 77 6e
22:22:31 [DEBUG] MSG_UNKNOWN_NEW 0x00FF dir=IN len=1384 body=00 00 00 03 00 6e 61 00 00 00 00 00 00 00 00 04 00 69 6e 74 00 04 00 62 65 6e 05 00 61 75 72 61
22:22:31 [DEBUG] MSG_UNKNOWN_NEW 0x6863 dir=IN len=1384 body=6f 6f 6c 20 6f 66 20 6d 61 67 69 63 20 66 6f 72 20 34 20 73 65 63 6f 6e 64 73 2e 04 00 6e 75 6c
22:22:31 [DEBUG] MSG_UNKNOWN_NEW 0x2065 dir=IN len=1384 body=73 74 75 6e 6e 65 64 2c 20 6d 65 73 6d 65 72 69 7a 65 64 2c 20 6f 72 20 66 65 61 72 65 64 2e 0d
22:22:31 [DEBUG] MSG_UNKNOWN_NEW 0x5F67 dir=IN len=1384 body=53 6f 75 6e 64 41 31 0b 00 43 61 73 74 5f 48 69 74 41 31 0c 00 6d 69 6e 69 6f 6e 77 68 69 74 65
22:22:31 [DEBUG] MSG_UNKNOWN_NEW 0x6572 dir=IN len=1384 body=61 73 69 6e 67 20 79 6f 75 72 20 72 65 73 69 73 74 61 6e 63 65 20 74 6f 20 74 68 65 6d 20 66 6f
22:22:31 [DEBUG] MSG_UNKNOWN_NEW 0x0100 dir=IN len=1384 body=00 00 00 80 3f 00 00 00 00 00 00 00 00 00 00 00 00 00 00 00 00 00 00 00 01 00 00 00 02 0d 00 4e
22:22:31 [DEBUG] MSG_UNKNOWN_NEW 0x2543 dir=IN len=1384 body=5b 00 00 a0 59 00 00 00 00 00 00 01 00 00 00 01 00 00 00 80 3f 00 00 00 00 00 00 00 00 00 00 00
22:22:31 [DEBUG] MSG_UNKNOWN_NEW 0x746F dir=IN len=1384 body=68 47 72 65 79 ff 00 ff 00 ff 00 ff 00 01 00 01 00 00 00 02 0d 00 4e 50 43 41 72 6d 6f 72 30 30
22:22:31 [DEBUG] MSG_UNKNOWN_NEW 0x443F dir=IN len=1384 body=d4 38 d3 41 0c 1e f5 c1 41 51 29 3e a0 59 67 6f 3f 44 51 f5 d3 41 50 1c e8 c1 41 51 00 00 00 00
22:22:31 [DEBUG] MSG_UNKNOWN_NEW 0x3130 dir=IN len=1384 body=41 0d 00 42 6c 61 63 6b 43 6c 6f 74 68 30 31 0e 00 4f 72 61 6e 67 65 43 6c 6f 74 68 30 32 0e 00
22:22:31 [DEBUG] MSG_UNKNOWN_NEW 0x4462 dir=IN len=1384 body=34 02 fb 41 d0 82 03 43 43 5a 0a 3d a0 59 00 00 00 00 00 00 00 00 01 00 01 00 00 00 80 3f 00 00
22:22:31 [DEBUG] MSG_UNKNOWN_NEW 0x03E8 dir=IN len=1384 body=00 00 e9 cc 2f 00 00 d6 00 6c 44 22 07 05 42 90 57 89 42 30 55 29 3e a0 59 00 00 00 00 00 00 00
22:22:31 [DEBUG] MSG_UNKNOWN_NEW 0x0A1C dir=IN len=1384 body=67 44 5b d2 28 42 90 d2 a0 43 10 55 29 3e a0 59 00 00 00 00 00 00 00 00 01 00 01 00 00 00 80 3f
22:22:31 [DEBUG] MSG_UNKNOWN_NEW 0x0D02 dir=IN len=1384 body=00 4e 50 43 41 72 6d 6f 72 30 30 31 41 0d 00 42 6c 61 63 6b 43 6c 6f 74 68 30 31 0e 00 4f 72 61
22:22:31 [DEBUG] MSG_UNKNOWN_NEW 0xC9FC dir=IN len=1384 body=2f 00 00 88 5d 72 44 a0 24 f4 41 20 fd 13 c2 c8 5b 29 3e a0 59 00 00 00 00 00 00 00 00 01 00 01
22:22:31 [DEBUG] MSG_UNKNOWN_NEW 0x7472 dir=IN len=1384 body=20 62 61 74 00 00 00 00 00 00 04 00 62 61 74 02 00 6e 00 00 00 00 00 00 e8 03 00 00 e8 03 00 00
22:22:31 [DEBUG] MSG_UNKNOWN_NEW 0x19CF dir=IN len=1384 body=48 00 00 00 00 00 00 20 00 cc 48 00 00 01 00 0e 00 61 20 72 61 74 74 6c 65 73 6e 61 6b 65 00 00
22:22:31 [DEBUG] MSG_UNKNOWN_NEW 0x616A dir=IN len=1384 body=6b 02 00 6e 00 00 00 00 00 00 e8 03 00 00 e8 03 00 00 00 00 00 00 e8 03 00 00 25 cd 2f 00 01 61
22:22:31 [DEBUG] MSG_UNKNOWN_NEW 0x0073 dir=IN len=1384 body=00 00 00 00 06 00 4d 6f 75 74 68 00 00 00 00 00 06 00 42 65 61 72 64 00 00 00 00 00 00 00 00 00
22:22:31 [DEBUG] MSG_IN 0x0040 Unknown_0x0040 dir=IN body_len=39
22:22:31 [DEBUG]   PARSED type=ChatCombat eid=None target=None
22:22:31 [DEBUG] MSG_UNKNOWN_NEW 0x0228 dir=IN len=9 body=6d 5e 00 00 12 97 00 00 00
22:22:31 [DEBUG] MSG_UNKNOWN_NEW 0x0058 dir=IN len=46 body=01 00 00 00 0b 00 61 75 72 61 5f 70 69 6f 75 73 00 00 00 00 00 00 00 00 01 00 00 00 05 00 61 75
22:22:31 [DEBUG] MSG_IN 0x0040 Unknown_0x0040 dir=IN body_len=34
22:22:31 [DEBUG]   PARSED type=ChatCombat eid=None target=None
22:22:31 [DEBUG] MSG_IN 0x0040 Unknown_0x0040 dir=IN body_len=42
22:22:31 [DEBUG]   PARSED type=ChatCombat eid=None target=None
22:22:31 [DEBUG] MSG_IN 0x0040 Unknown_0x0040 dir=IN body_len=50
22:22:31 [DEBUG]   PARSED type=ChatCombat eid=None target=None
22:22:31 [DEBUG] MSG_IN 0x0056 EndCasting dir=IN body_len=33
22:22:31 [DEBUG]   PARSED type=EndCasting eid=24173 target=24173
22:22:31 [DEBUG] MSG_IN 0x0040 Unknown_0x0040 dir=IN body_len=47
22:22:31 [DEBUG]   PARSED type=ChatCombat eid=None target=None
22:22:31 [DEBUG] MSG_IN 0x0056 EndCasting dir=IN body_len=51
22:22:31 [DEBUG]   PARSED type=EndCasting eid=24173 target=24173
22:22:31 [DEBUG] MSG_IN 0x0054 RemoveBuffIcon dir=IN body_len=8
22:22:31 [DEBUG]   PARSED type=RemoveBuffIcon eid=24173 target=None
22:22:31 [DEBUG] MSG_UNKNOWN_NEW 0x00A1 dir=IN len=28 body=6d 5e 00 00 17 00 62 75 66 66 5f 41 75 72 61 20 6f 66 20 74 68 65 20 50 69 6f 75 73
22:22:31 [DEBUG] MSG_IN 0x0054 RemoveBuffIcon dir=IN body_len=8
22:22:31 [DEBUG]   PARSED type=RemoveBuffIcon eid=24173 target=None
22:22:31 [DEBUG] MSG_UNKNOWN_NEW 0x008A dir=IN len=15 body=6d 5e 00 00 0a 00 44 6f 6f 64 6f 6f 62 75 74
22:22:31 [DEBUG] MSG_IN 0x0053 AddBuffIcon dir=IN body_len=137
22:22:31 [DEBUG]   PARSED type=AddBuffIcon eid=24173 target=None
22:22:31 [DEBUG] MSG_UNKNOWN_NEW 0x00A0 dir=IN len=39 body=6d 5e 00 00 17 00 62 75 66 66 5f 41 75 72 61 20 6f 66 20 74 68 65 20 50 69 6f 75 73 0a 00 48 6f
22:22:31 [DEBUG] MSG_IN 0x0053 AddBuffIcon dir=IN body_len=129
22:22:31 [DEBUG]   PARSED type=AddBuffIcon eid=24173 target=None
22:22:31 [DEBUG] MSG_UNKNOWN_NEW 0x0099 dir=IN len=16 body=6d 5e 00 00 00 00 00 00 00 00 00 00 00 00 00 00
22:22:31 [DEBUG] MSG_IN 0x0053 AddBuffIcon dir=IN body_len=134
22:22:31 [DEBUG]   PARSED type=AddBuffIcon eid=0 target=None
22:22:31 [DEBUG] MSG_IN 0x0053 AddBuffIcon dir=IN body_len=118
22:22:31 [DEBUG]   PARSED type=AddBuffIcon eid=0 target=None
22:22:31 [DEBUG] MSG_IN 0x0053 AddBuffIcon dir=IN body_len=116
22:22:31 [DEBUG]   PARSED type=AddBuffIcon eid=0 target=None
22:22:31 [DEBUG] MSG_IN 0x0053 AddBuffIcon dir=IN body_len=125
22:22:31 [DEBUG]   PARSED type=AddBuffIcon eid=0 target=None
22:22:31 [DEBUG] MSG_IN 0x0053 AddBuffIcon dir=IN body_len=127
22:22:31 [DEBUG]   PARSED type=AddBuffIcon eid=0 target=None
22:22:31 [DEBUG] MSG_IN 0x0053 AddBuffIcon dir=IN body_len=108
22:22:31 [DEBUG]   PARSED type=AddBuffIcon eid=0 target=None
22:22:31 [DEBUG] MSG_IN 0x0053 AddBuffIcon dir=IN body_len=121
22:22:31 [DEBUG]   PARSED type=AddBuffIcon eid=0 target=None
22:22:31 [DEBUG] MSG_IN 0x0053 AddBuffIcon dir=IN body_len=58
22:22:31 [DEBUG]   PARSED type=AddBuffIcon eid=0 target=None
22:22:31 [DEBUG] MSG_IN 0x0053 AddBuffIcon dir=IN body_len=59
22:22:31 [DEBUG]   PARSED type=AddBuffIcon eid=0 target=None
22:22:31 [DEBUG] MSG_IN 0x0053 AddBuffIcon dir=IN body_len=134
22:22:31 [DEBUG]   PARSED type=AddBuffIcon eid=24173 target=None
22:22:31 [DEBUG] MSG_IN 0x0053 AddBuffIcon dir=IN body_len=149
22:22:31 [DEBUG]   PARSED type=AddBuffIcon eid=24173 target=None
22:22:31 [DEBUG] MSG_IN 0x0053 AddBuffIcon dir=IN body_len=118
22:22:31 [DEBUG]   PARSED type=AddBuffIcon eid=24173 target=None
22:22:31 [DEBUG] MSG_IN 0x0053 AddBuffIcon dir=IN body_len=116
22:22:31 [DEBUG]   PARSED type=AddBuffIcon eid=24173 target=None
22:22:31 [DEBUG] MSG_IN 0x0053 AddBuffIcon dir=IN body_len=127
22:22:31 [DEBUG]   PARSED type=AddBuffIcon eid=24173 target=None
22:22:31 [DEBUG] MSG_IN 0x0053 AddBuffIcon dir=IN body_len=153
22:22:31 [DEBUG]   PARSED type=AddBuffIcon eid=24173 target=None
22:22:31 [DEBUG] MSG_IN 0x0053 AddBuffIcon dir=IN body_len=137
22:22:31 [DEBUG]   PARSED type=AddBuffIcon eid=24173 target=None
22:22:31 [DEBUG] MSG_IN 0x0053 AddBuffIcon dir=IN body_len=129
22:22:31 [DEBUG]   PARSED type=AddBuffIcon eid=24173 target=None
22:22:31 [DEBUG] MSG_UNKNOWN_NEW 0x5200 dir=IN len=1384 body=69 67 68 74 48 61 6e 64 12 00 42 61 73 69 63 5f 53 74 61 66 66 32 48 5f 41 30 30 00 00 00 00 00
22:22:31 [DEBUG] MSG_UNKNOWN_NEW 0x6172 dir=IN len=1384 body=20 6c 6f 6f 6b 6f 75 74 00 00 00 00 00 00 04 00 61 73 68 02 00 6e 02 00 00 00 00 00 e8 03 00 00
22:22:31 [DEBUG] MSG_UNKNOWN_NEW 0x4400 dir=IN len=1384 body=45 56 5f 44 65 62 75 67 47 72 65 65 6e ff 00 ff 00 ff 00 ff 00 01 00 00 00 00 00 00 00 00 00 00
22:22:31 [DEBUG] MSG_UNKNOWN_NEW 0x7720 dir=IN len=1384 body=61 72 72 69 6f 72 00 00 00 00 00 00 04 00 61 73 68 02 00 6e 02 00 00 00 00 00 e8 03 00 00 e8 03
22:22:31 [DEBUG] MSG_UNKNOWN_NEW 0x6874 dir=IN len=1384 body=30 32 ff 00 ff 00 ff 00 ff 00 01 00 06 00 00 00 05 00 48 61 69 72 00 00 00 00 00 05 00 46 61 63
22:22:31 [DEBUG] MSG_UNKNOWN_NEW 0x0D41 dir=IN len=1384 body=00 42 6c 61 63 6b 43 6c 6f 74 68 30 31 0e 00 4f 72 61 6e 67 65 43 6c 6f 74 68 30 32 0e 00 4f 72
22:22:31 [DEBUG] MSG_UNKNOWN_NEW 0x4493 dir=IN len=1384 body=ea e5 a4 41 5b 08 a0 42 7f 5a 52 3d a0 59 00 00 00 00 00 00 00 00 01 00 01 00 00 00 80 3f 00 00
22:22:31 [DEBUG] MSG_UNKNOWN_NEW 0x43B4 dir=IN len=1384 body=9a 5c 29 3e a0 59 00 00 00 00 00 00 00 00 01 00 01 00 00 00 80 3f 00 00 00 00 00 00 00 00 00 00
22:22:31 [DEBUG] MSG_UNKNOWN_NEW 0x0208 dir=IN len=641 body=10 21 02 00 00 00 00 00 00 08 00 00 00 00 00 00 00 00 00 00 00 00 00 00 00 00 00 00 00 05 00 00
22:22:31 [DEBUG] MSG_UNKNOWN_NEW 0x0089 dir=IN len=84 body=02 00 00 00 0b 00 61 75 72 61 5f 70 69 6f 75 73 00 00 00 00 00 00 00 00 0e 00 77 65 61 70 6f 6e
22:22:31 [DEBUG] MSG_UNKNOWN_NEW 0x0059 dir=IN len=21 body=01 0b 00 61 75 72 61 5f 70 69 6f 75 73 01 05 00 61 75 72 61 00
22:22:31 [DEBUG] MSG_IN 0x0020 SpawnEntity dir=IN body_len=168
22:22:31 [DEBUG]   PARSED type=SpawnEntity eid=12702 target=None
22:22:31 [DEBUG] MSG_UNKNOWN_NEW 0x5432 dir=IN len=4 body=00 00 00 00
22:22:31 [DEBUG] MSG_IN 0x0020 SpawnEntity dir=IN body_len=293
22:22:31 [DEBUG]   PARSED type=SpawnEntity eid=22189 target=None
22:22:31 [DEBUG] MSG_IN 0x0020 SpawnEntity dir=IN body_len=293
22:22:31 [DEBUG]   PARSED type=SpawnEntity eid=24322 target=None
22:22:31 [DEBUG] MSG_IN 0x0020 SpawnEntity dir=IN body_len=399
22:22:31 [DEBUG]   PARSED type=SpawnEntity eid=23116 target=None
22:22:31 [DEBUG] MSG_IN 0x0020 SpawnEntity dir=IN body_len=399
22:22:31 [DEBUG]   PARSED type=SpawnEntity eid=23118 target=None
22:22:31 [DEBUG] MSG_IN 0x0020 SpawnEntity dir=IN body_len=293
22:22:31 [DEBUG]   PARSED type=SpawnEntity eid=23119 target=None
22:22:31 [DEBUG] MSG_IN 0x0020 SpawnEntity dir=IN body_len=411
22:22:31 [DEBUG]   PARSED type=SpawnEntity eid=24279 target=None
22:22:31 [DEBUG] MSG_IN 0x0020 SpawnEntity dir=IN body_len=1384
22:22:31 [DEBUG]   PARSED type=SpawnEntity eid=9733 target=None
22:22:31 [DEBUG] MSG_IN 0x0020 SpawnEntity dir=IN body_len=307
22:22:31 [DEBUG]   PARSED type=SpawnEntity eid=24340 target=None
22:22:31 [DEBUG] MSG_IN 0x0020 SpawnEntity dir=IN body_len=213
22:22:31 [DEBUG]   PARSED type=SpawnEntity eid=15612 target=None
22:22:31 [DEBUG] MSG_IN 0x0020 SpawnEntity dir=IN body_len=213
22:22:31 [DEBUG]   PARSED type=SpawnEntity eid=22768 target=None
22:22:31 [DEBUG] MSG_UNKNOWN_NEW 0x6E77 dir=IN len=238 body=4c 65 61 74 68 65 72 30 32 ff 00 ff 00 ff 00 ff 00 01 00 09 10 00 47 65 6e 65 72 69 63 4c 65 61
22:22:31 [DEBUG] MSG_IN 0x0020 SpawnEntity dir=IN body_len=248
22:22:31 [DEBUG]   PARSED type=SpawnEntity eid=9740 target=None
22:22:31 [DEBUG] MSG_IN 0x0020 SpawnEntity dir=IN body_len=293
22:22:31 [DEBUG]   PARSED type=SpawnEntity eid=22181 target=None
22:22:31 [DEBUG] MSG_IN 0x0020 SpawnEntity dir=IN body_len=407
22:22:31 [DEBUG]   PARSED type=SpawnEntity eid=22205 target=None
22:22:31 [DEBUG] MSG_IN 0x0020 SpawnEntity dir=IN body_len=292
22:22:31 [DEBUG]   PARSED type=SpawnEntity eid=22227 target=None
22:22:31 [DEBUG] MSG_IN 0x0020 SpawnEntity dir=IN body_len=410
22:22:31 [DEBUG]   PARSED type=SpawnEntity eid=22235 target=None
22:22:31 [DEBUG] MSG_IN 0x0020 SpawnEntity dir=IN body_len=407
22:22:31 [DEBUG]   PARSED type=SpawnEntity eid=22221 target=None
22:22:31 [DEBUG] MSG_IN 0x0020 SpawnEntity dir=IN body_len=307
22:22:31 [DEBUG]   PARSED type=SpawnEntity eid=24264 target=None
22:22:31 [DEBUG] MSG_IN 0x0020 SpawnEntity dir=IN body_len=191
22:22:31 [DEBUG]   PARSED type=SpawnEntity eid=22782 target=None
22:22:31 [DEBUG] MSG_IN 0x0020 SpawnEntity dir=IN body_len=212
22:22:31 [DEBUG]   PARSED type=SpawnEntity eid=22440 target=None
22:22:31 [DEBUG] MSG_IN 0x0020 SpawnEntity dir=IN body_len=307
22:22:31 [DEBUG]   PARSED type=SpawnEntity eid=24270 target=None
22:22:31 [DEBUG] MSG_IN 0x0020 SpawnEntity dir=IN body_len=213
22:22:31 [DEBUG]   PARSED type=SpawnEntity eid=14580 target=None
22:22:31 [DEBUG] MSG_IN 0x0020 SpawnEntity dir=IN body_len=213
22:22:31 [DEBUG]   PARSED type=SpawnEntity eid=22774 target=None
22:22:31 [DEBUG] MSG_IN 0x0020 SpawnEntity dir=IN body_len=198
22:22:31 [DEBUG]   PARSED type=SpawnEntity eid=22733 target=None
22:22:31 [DEBUG] MSG_IN 0x0020 SpawnEntity dir=IN body_len=213
22:22:31 [DEBUG]   PARSED type=SpawnEntity eid=19571 target=None
22:22:31 [DEBUG] MSG_IN 0x0020 SpawnEntity dir=IN body_len=212
22:22:31 [DEBUG]   PARSED type=SpawnEntity eid=18289 target=None
22:22:31 [DEBUG] MSG_IN 0x0020 SpawnEntity dir=IN body_len=164
22:22:31 [DEBUG]   PARSED type=SpawnEntity eid=20741 target=None
22:22:31 [DEBUG] MSG_IN 0x0020 SpawnEntity dir=IN body_len=293
22:22:31 [DEBUG]   PARSED type=SpawnEntity eid=22255 target=None
22:22:31 [DEBUG] MSG_IN 0x0020 SpawnEntity dir=IN body_len=403
22:22:31 [DEBUG]   PARSED type=SpawnEntity eid=24186 target=None
22:22:31 [DEBUG] MSG_IN 0x0020 SpawnEntity dir=IN body_len=307
22:22:31 [DEBUG]   PARSED type=SpawnEntity eid=24161 target=None
22:22:31 [DEBUG] MSG_IN 0x0020 SpawnEntity dir=IN body_len=162
22:22:31 [DEBUG]   PARSED type=SpawnEntity eid=22777 target=None
22:22:31 [DEBUG] MSG_IN 0x0020 SpawnEntity dir=IN body_len=293
22:22:31 [DEBUG]   PARSED type=SpawnEntity eid=23100 target=None
22:22:31 [DEBUG] MSG_IN 0x0020 SpawnEntity dir=IN body_len=293
22:22:31 [DEBUG]   PARSED type=SpawnEntity eid=23102 target=None
22:22:31 [DEBUG] MSG_IN 0x0020 SpawnEntity dir=IN body_len=293
22:22:31 [DEBUG]   PARSED type=SpawnEntity eid=23157 target=None
22:22:31 [DEBUG] MSG_IN 0x0020 SpawnEntity dir=IN body_len=212
22:22:31 [DEBUG]   PARSED type=SpawnEntity eid=22763 target=None
22:22:31 [DEBUG] MSG_IN 0x0020 SpawnEntity dir=IN body_len=228
22:22:31 [DEBUG]   PARSED type=SpawnEntity eid=13929 target=None
22:22:31 [DEBUG] MSG_IN 0x0020 SpawnEntity dir=IN body_len=293
22:22:31 [DEBUG]   PARSED type=SpawnEntity eid=24165 target=None
22:22:31 [DEBUG] MSG_IN 0x0020 SpawnEntity dir=IN body_len=293
22:22:31 [DEBUG]   PARSED type=SpawnEntity eid=23156 target=None
22:22:31 [DEBUG] MSG_IN 0x0020 SpawnEntity dir=IN body_len=199
22:22:31 [DEBUG]   PARSED type=SpawnEntity eid=22228 target=None
22:22:31 [DEBUG] MSG_IN 0x0020 SpawnEntity dir=IN body_len=191
22:22:31 [DEBUG]   PARSED type=SpawnEntity eid=23098 target=None
22:22:31 [DEBUG] MSG_IN 0x0020 SpawnEntity dir=IN body_len=205
22:22:31 [DEBUG]   PARSED type=SpawnEntity eid=17188 target=None
22:22:31 [DEBUG] MSG_IN 0x0020 SpawnEntity dir=IN body_len=212
22:22:31 [DEBUG]   PARSED type=SpawnEntity eid=11504 target=None
22:22:31 [DEBUG] MSG_IN 0x0020 SpawnEntity dir=IN body_len=214
22:22:31 [DEBUG]   PARSED type=SpawnEntity eid=13919 target=None
22:22:31 [DEBUG] MSG_IN 0x0020 SpawnEntity dir=IN body_len=293
22:22:31 [DEBUG]   PARSED type=SpawnEntity eid=20339 target=None
22:22:31 [DEBUG] MSG_IN 0x0020 SpawnEntity dir=IN body_len=293
22:22:31 [DEBUG]   PARSED type=SpawnEntity eid=22192 target=None
22:22:31 [DEBUG] MSG_IN 0x0020 SpawnEntity dir=IN body_len=293
22:22:31 [DEBUG]   PARSED type=SpawnEntity eid=22249 target=None
22:22:31 [DEBUG] MSG_IN 0x0020 SpawnEntity dir=IN body_len=402
22:22:31 [DEBUG]   PARSED type=SpawnEntity eid=22282 target=None
22:22:31 [DEBUG] MSG_IN 0x0020 SpawnEntity dir=IN body_len=390
22:22:31 [DEBUG]   PARSED type=SpawnEntity eid=20335 target=None
22:22:31 [DEBUG] MSG_IN 0x0020 SpawnEntity dir=IN body_len=411
22:22:31 [DEBUG]   PARSED type=SpawnEntity eid=22291 target=None
22:22:31 [DEBUG] MSG_IN 0x0020 SpawnEntity dir=IN body_len=293
22:22:31 [DEBUG]   PARSED type=SpawnEntity eid=23109 target=None
22:22:31 [DEBUG] MSG_IN 0x0020 SpawnEntity dir=IN body_len=293
22:22:31 [DEBUG]   PARSED type=SpawnEntity eid=23152 target=None
22:22:31 [DEBUG] MSG_IN 0x0020 SpawnEntity dir=IN body_len=293
22:22:31 [DEBUG]   PARSED type=SpawnEntity eid=23153 target=None
22:22:31 [DEBUG] MSG_IN 0x0020 SpawnEntity dir=IN body_len=404
22:22:31 [DEBUG]   PARSED type=SpawnEntity eid=23154 target=None
22:22:31 [DEBUG] MSG_IN 0x0020 SpawnEntity dir=IN body_len=191
22:22:31 [DEBUG]   PARSED type=SpawnEntity eid=23412 target=None
22:22:31 [DEBUG] MSG_IN 0x0020 SpawnEntity dir=IN body_len=307
22:22:31 [DEBUG]   PARSED type=SpawnEntity eid=24334 target=None
22:22:31 [DEBUG] MSG_IN 0x0020 SpawnEntity dir=IN body_len=293
22:22:31 [DEBUG]   PARSED type=SpawnEntity eid=23103 target=None
22:22:31 [DEBUG] MSG_IN 0x0020 SpawnEntity dir=IN body_len=213
22:22:31 [DEBUG]   PARSED type=SpawnEntity eid=11606 target=None
22:22:31 [DEBUG] MSG_IN 0x0020 SpawnEntity dir=IN body_len=205
22:22:31 [DEBUG]   PARSED type=SpawnEntity eid=22772 target=None
22:22:31 [DEBUG] MSG_IN 0x0020 SpawnEntity dir=IN body_len=214
22:22:31 [DEBUG]   PARSED type=SpawnEntity eid=22756 target=None
22:22:31 [DEBUG] MSG_IN 0x0020 SpawnEntity dir=IN body_len=198
22:22:31 [DEBUG]   PARSED type=SpawnEntity eid=11462 target=None
22:22:31 [DEBUG] MSG_IN 0x0020 SpawnEntity dir=IN body_len=228
22:22:31 [DEBUG]   PARSED type=SpawnEntity eid=11537 target=None
22:22:31 [DEBUG] MSG_IN 0x0020 SpawnEntity dir=IN body_len=155
22:22:31 [DEBUG]   PARSED type=SpawnEntity eid=22737 target=None
22:22:31 [DEBUG] MSG_IN 0x0020 SpawnEntity dir=IN body_len=212
22:22:31 [DEBUG]   PARSED type=SpawnEntity eid=22048 target=None
22:22:31 [DEBUG] MSG_IN 0x0053 AddBuffIcon dir=IN body_len=134
22:22:31 [DEBUG]   PARSED type=AddBuffIcon eid=24173 target=None
22:22:31 [DEBUG] MSG_IN 0x0053 AddBuffIcon dir=IN body_len=149
22:22:31 [DEBUG]   PARSED type=AddBuffIcon eid=24173 target=None
22:22:31 [DEBUG] MSG_IN 0x0053 AddBuffIcon dir=IN body_len=118
22:22:31 [DEBUG]   PARSED type=AddBuffIcon eid=24173 target=None
22:22:31 [DEBUG] MSG_IN 0x0053 AddBuffIcon dir=IN body_len=116
22:22:31 [DEBUG]   PARSED type=AddBuffIcon eid=24173 target=None
22:22:31 [DEBUG] MSG_IN 0x0053 AddBuffIcon dir=IN body_len=127
22:22:31 [DEBUG]   PARSED type=AddBuffIcon eid=24173 target=None
22:22:31 [DEBUG] MSG_IN 0x0053 AddBuffIcon dir=IN body_len=153
22:22:31 [DEBUG]   PARSED type=AddBuffIcon eid=24173 target=None
22:22:31 [DEBUG] MSG_IN 0x0053 AddBuffIcon dir=IN body_len=137
22:22:31 [DEBUG]   PARSED type=AddBuffIcon eid=24173 target=None
22:22:31 [DEBUG] MSG_IN 0x0053 AddBuffIcon dir=IN body_len=129
22:22:31 [DEBUG]   PARSED type=AddBuffIcon eid=24173 target=None
22:22:31 [DEBUG] MSG_IN 0x0020 SpawnEntity dir=IN body_len=214
22:22:31 [DEBUG]   PARSED type=SpawnEntity eid=22313 target=None
22:22:31 [DEBUG] MSG_IN 0x0020 SpawnEntity dir=IN body_len=205
22:22:31 [DEBUG]   PARSED type=SpawnEntity eid=11654 target=None
22:22:31 [DEBUG] MSG_IN 0x0020 SpawnEntity dir=IN body_len=165
22:22:31 [DEBUG]   PARSED type=SpawnEntity eid=18051 target=None
22:22:31 [DEBUG] MSG_IN 0x0020 SpawnEntity dir=IN body_len=148
22:22:31 [DEBUG]   PARSED type=SpawnEntity eid=23877 target=None
22:22:31 [DEBUG] MSG_IN 0x0020 SpawnEntity dir=IN body_len=199
22:22:31 [DEBUG]   PARSED type=SpawnEntity eid=13946 target=None
22:22:31 [DEBUG] MSG_IN 0x0020 SpawnEntity dir=IN body_len=205
22:22:31 [DEBUG]   PARSED type=SpawnEntity eid=22355 target=None
22:22:31 [DEBUG] MSG_IN 0x0020 SpawnEntity dir=IN body_len=214
22:22:31 [DEBUG]   PARSED type=SpawnEntity eid=14847 target=None
22:22:31 [DEBUG] MSG_IN 0x0020 SpawnEntity dir=IN body_len=213
22:22:31 [DEBUG]   PARSED type=SpawnEntity eid=23334 target=None
22:22:31 [DEBUG] MSG_IN 0x0020 SpawnEntity dir=IN body_len=212
22:22:31 [DEBUG]   PARSED type=SpawnEntity eid=22341 target=None
22:22:31 [DEBUG] MSG_IN 0x0020 SpawnEntity dir=IN body_len=213
22:22:31 [DEBUG]   PARSED type=SpawnEntity eid=14559 target=None
22:22:31 [DEBUG] MSG_IN 0x0020 SpawnEntity dir=IN body_len=160
22:22:31 [DEBUG]   PARSED type=SpawnEntity eid=9897 target=None
22:22:31 [DEBUG] MSG_IN 0x0020 SpawnEntity dir=IN body_len=213
22:22:31 [DEBUG]   PARSED type=SpawnEntity eid=13928 target=None
22:22:31 [DEBUG] MSG_IN 0x0020 SpawnEntity dir=IN body_len=198
22:22:31 [DEBUG]   PARSED type=SpawnEntity eid=11580 target=None
22:22:31 [DEBUG] MSG_IN 0x0020 SpawnEntity dir=IN body_len=149
22:22:31 [DEBUG]   PARSED type=SpawnEntity eid=22739 target=None
22:22:31 [DEBUG] MSG_IN 0x0020 SpawnEntity dir=IN body_len=162
22:22:31 [DEBUG]   PARSED type=SpawnEntity eid=22752 target=None
22:22:31 [DEBUG] MSG_IN 0x0020 SpawnEntity dir=IN body_len=212
22:22:31 [DEBUG]   PARSED type=SpawnEntity eid=11406 target=None
22:22:31 [DEBUG] MSG_IN 0x0020 SpawnEntity dir=IN body_len=293
22:22:31 [DEBUG]   PARSED type=SpawnEntity eid=22274 target=None
22:22:31 [DEBUG] MSG_IN 0x0020 SpawnEntity dir=IN body_len=165
22:22:31 [DEBUG]   PARSED type=SpawnEntity eid=21193 target=None
22:22:31 [DEBUG] MSG_IN 0x0020 SpawnEntity dir=IN body_len=401
22:22:31 [DEBUG]   PARSED type=SpawnEntity eid=22333 target=None
22:22:31 [DEBUG] MSG_IN 0x0020 SpawnEntity dir=IN body_len=293
22:22:31 [DEBUG]   PARSED type=SpawnEntity eid=22321 target=None
22:22:31 [DEBUG] MSG_IN 0x0020 SpawnEntity dir=IN body_len=173
22:22:31 [DEBUG]   PARSED type=SpawnEntity eid=17017 target=None
22:22:31 [DEBUG] MSG_IN 0x0020 SpawnEntity dir=IN body_len=399
22:22:31 [DEBUG]   PARSED type=SpawnEntity eid=22318 target=None
22:22:31 [DEBUG] MSG_IN 0x0020 SpawnEntity dir=IN body_len=293
22:22:31 [DEBUG]   PARSED type=SpawnEntity eid=22345 target=None
22:22:31 [DEBUG] MSG_IN 0x0020 SpawnEntity dir=IN body_len=293
22:22:31 [DEBUG]   PARSED type=SpawnEntity eid=22319 target=None
22:22:31 [DEBUG] MSG_IN 0x0020 SpawnEntity dir=IN body_len=307
22:22:31 [DEBUG]   PARSED type=SpawnEntity eid=23485 target=None
22:22:31 [DEBUG] MSG_IN 0x0020 SpawnEntity dir=IN body_len=205
22:22:31 [DEBUG]   PARSED type=SpawnEntity eid=22766 target=None
22:22:31 [DEBUG] MSG_IN 0x0020 SpawnEntity dir=IN body_len=205
22:22:31 [DEBUG]   PARSED type=SpawnEntity eid=22955 target=None
22:22:31 [DEBUG] MSG_IN 0x0020 SpawnEntity dir=IN body_len=402
22:22:31 [DEBUG]   PARSED type=SpawnEntity eid=20596 target=None
22:22:31 [DEBUG] MSG_IN 0x0020 SpawnEntity dir=IN body_len=173
22:22:31 [DEBUG]   PARSED type=SpawnEntity eid=18046 target=None
22:22:31 [DEBUG] MSG_IN 0x0020 SpawnEntity dir=IN body_len=293
22:22:31 [DEBUG]   PARSED type=SpawnEntity eid=20602 target=None
22:22:31 [DEBUG] MSG_IN 0x0020 SpawnEntity dir=IN body_len=293
22:22:31 [DEBUG]   PARSED type=SpawnEntity eid=20605 target=None
22:22:31 [DEBUG] MSG_IN 0x0020 SpawnEntity dir=IN body_len=407
22:22:31 [DEBUG]   PARSED type=SpawnEntity eid=20614 target=None
22:22:31 [DEBUG] MSG_IN 0x0020 SpawnEntity dir=IN body_len=156
22:22:31 [DEBUG]   PARSED type=SpawnEntity eid=23252 target=None
22:22:31 [DEBUG] MSG_IN 0x0020 SpawnEntity dir=IN body_len=170
22:22:31 [DEBUG]   PARSED type=SpawnEntity eid=23218 target=None
22:22:31 [DEBUG] MSG_IN 0x0020 SpawnEntity dir=IN body_len=293
22:22:31 [DEBUG]   PARSED type=SpawnEntity eid=22280 target=None
22:22:31 [DEBUG] MSG_IN 0x0020 SpawnEntity dir=IN body_len=390
22:22:31 [DEBUG]   PARSED type=SpawnEntity eid=22283 target=None
22:22:31 [DEBUG] MSG_IN 0x0020 SpawnEntity dir=IN body_len=155
22:22:31 [DEBUG]   PARSED type=SpawnEntity eid=21711 target=None
22:22:31 [DEBUG] MSG_IN 0x0020 SpawnEntity dir=IN body_len=293
22:22:31 [DEBUG]   PARSED type=SpawnEntity eid=22276 target=None
22:22:31 [DEBUG] MSG_IN 0x0020 SpawnEntity dir=IN body_len=307
22:22:31 [DEBUG]   PARSED type=SpawnEntity eid=23394 target=None
22:22:31 [DEBUG] MSG_IN 0x0020 SpawnEntity dir=IN body_len=399
22:22:31 [DEBUG]   PARSED type=SpawnEntity eid=22293 target=None
22:22:31 [DEBUG] MSG_IN 0x0020 SpawnEntity dir=IN body_len=406
22:22:31 [DEBUG]   PARSED type=SpawnEntity eid=22290 target=None
22:22:31 [DEBUG] MSG_IN 0x0020 SpawnEntity dir=IN body_len=218
22:22:31 [DEBUG]   PARSED type=SpawnEntity eid=21142 target=None
22:22:31 [DEBUG] MSG_IN 0x0020 SpawnEntity dir=IN body_len=402
22:22:31 [DEBUG]   PARSED type=SpawnEntity eid=22287 target=None
22:22:31 [DEBUG] MSG_IN 0x0020 SpawnEntity dir=IN body_len=199
22:22:31 [DEBUG]   PARSED type=SpawnEntity eid=17176 target=None
22:22:31 [DEBUG] MSG_IN 0x0020 SpawnEntity dir=IN body_len=228
22:22:31 [DEBUG]   PARSED type=SpawnEntity eid=15627 target=None
22:22:31 [DEBUG] MSG_IN 0x0020 SpawnEntity dir=IN body_len=978
22:22:31 [DEBUG]   PARSED type=SpawnEntity eid=9736 target=None
22:22:31 [DEBUG] MSG_IN 0x0020 SpawnEntity dir=IN body_len=211
22:22:31 [DEBUG]   PARSED type=SpawnEntity eid=18636 target=None
22:22:31 [DEBUG] MSG_IN 0x0020 SpawnEntity dir=IN body_len=293
22:22:31 [DEBUG]   PARSED type=SpawnEntity eid=20816 target=None
22:22:31 [DEBUG] MSG_IN 0x0020 SpawnEntity dir=IN body_len=155
22:22:31 [DEBUG]   PARSED type=SpawnEntity eid=9819 target=None
22:22:31 [DEBUG] MSG_IN 0x0020 SpawnEntity dir=IN body_len=156
22:22:31 [DEBUG]   PARSED type=SpawnEntity eid=23247 target=None
22:22:31 [DEBUG] MSG_IN 0x0020 SpawnEntity dir=IN body_len=156
22:22:31 [DEBUG]   PARSED type=SpawnEntity eid=23238 target=None
22:22:31 [DEBUG] MSG_IN 0x0020 SpawnEntity dir=IN body_len=197
22:22:31 [DEBUG]   PARSED type=SpawnEntity eid=17198 target=None
22:22:31 [DEBUG] MSG_IN 0x0020 SpawnEntity dir=IN body_len=165
22:22:31 [DEBUG]   PARSED type=SpawnEntity eid=18496 target=None
22:22:31 [DEBUG] MSG_IN 0x0020 SpawnEntity dir=IN body_len=217
22:22:31 [DEBUG]   PARSED type=SpawnEntity eid=22913 target=None
22:22:31 [DEBUG] MSG_IN 0x0020 SpawnEntity dir=IN body_len=204
22:22:31 [DEBUG]   PARSED type=SpawnEntity eid=11247 target=None
22:22:31 [DEBUG] MSG_IN 0x0020 SpawnEntity dir=IN body_len=228
22:22:31 [DEBUG]   PARSED type=SpawnEntity eid=12645 target=None
22:22:31 [DEBUG] MSG_IN 0x0020 SpawnEntity dir=IN body_len=148
22:22:31 [DEBUG]   PARSED type=SpawnEntity eid=22878 target=None
22:22:31 [DEBUG] MSG_IN 0x0020 SpawnEntity dir=IN body_len=197
22:22:31 [DEBUG]   PARSED type=SpawnEntity eid=22880 target=None
22:22:31 [DEBUG] MSG_IN 0x0020 SpawnEntity dir=IN body_len=170
22:22:31 [DEBUG]   PARSED type=SpawnEntity eid=23258 target=None
22:22:31 [DEBUG] MSG_IN 0x0020 SpawnEntity dir=IN body_len=293
22:22:31 [DEBUG]   PARSED type=SpawnEntity eid=22300 target=None
22:22:31 [DEBUG] MSG_IN 0x0020 SpawnEntity dir=IN body_len=197
22:22:31 [DEBUG]   PARSED type=SpawnEntity eid=12589 target=None
22:22:31 [DEBUG] MSG_IN 0x0020 SpawnEntity dir=IN body_len=236
22:22:31 [DEBUG]   PARSED type=SpawnEntity eid=22866 target=None
22:22:31 [DEBUG] MSG_IN 0x0020 SpawnEntity dir=IN body_len=160
22:22:31 [DEBUG]   PARSED type=SpawnEntity eid=16423 target=None
22:22:31 [DEBUG] MSG_IN 0x0020 SpawnEntity dir=IN body_len=161
22:22:31 [DEBUG]   PARSED type=SpawnEntity eid=23403 target=None
22:22:32 [DEBUG] MSG_IN 0x0020 SpawnEntity dir=IN body_len=150
22:22:32 [DEBUG]   PARSED type=SpawnEntity eid=20090 target=None
22:22:32 [DEBUG] MSG_IN 0x0020 SpawnEntity dir=IN body_len=293
22:22:32 [DEBUG]   PARSED type=SpawnEntity eid=22359 target=None
22:22:32 [DEBUG] MSG_IN 0x0020 SpawnEntity dir=IN body_len=403
22:22:32 [DEBUG]   PARSED type=SpawnEntity eid=22356 target=None
22:22:32 [DEBUG] MSG_IN 0x0020 SpawnEntity dir=IN body_len=292
22:22:32 [DEBUG]   PARSED type=SpawnEntity eid=22365 target=None
22:22:32 [DEBUG] MSG_IN 0x0020 SpawnEntity dir=IN body_len=293
22:22:32 [DEBUG]   PARSED type=SpawnEntity eid=22352 target=None
22:22:32 [DEBUG] MSG_IN 0x0020 SpawnEntity dir=IN body_len=150
22:22:32 [DEBUG]   PARSED type=SpawnEntity eid=20139 target=None
22:22:32 [DEBUG] MSG_IN 0x0020 SpawnEntity dir=IN body_len=415
22:22:32 [DEBUG]   PARSED type=SpawnEntity eid=22353 target=None
22:22:32 [DEBUG] MSG_IN 0x0020 SpawnEntity dir=IN body_len=150
22:22:32 [DEBUG]   PARSED type=SpawnEntity eid=19272 target=None
22:22:32 [DEBUG] MSG_IN 0x0020 SpawnEntity dir=IN body_len=163
22:22:32 [DEBUG]   PARSED type=SpawnEntity eid=20842 target=None
22:22:32 [DEBUG] MSG_IN 0x0020 SpawnEntity dir=IN body_len=197
22:22:32 [DEBUG]   PARSED type=SpawnEntity eid=22860 target=None
22:22:32 [DEBUG] MSG_IN 0x0020 SpawnEntity dir=IN body_len=212
22:22:32 [DEBUG]   PARSED type=SpawnEntity eid=11688 target=None
22:22:32 [DEBUG] MSG_IN 0x0020 SpawnEntity dir=IN body_len=211
22:22:32 [DEBUG]   PARSED type=SpawnEntity eid=20348 target=None
22:22:32 [DEBUG] MSG_IN 0x0020 SpawnEntity dir=IN body_len=214
22:22:32 [DEBUG]   PARSED type=SpawnEntity eid=20851 target=None
22:22:32 [DEBUG] MSG_IN 0x0020 SpawnEntity dir=IN body_len=155
22:22:32 [DEBUG]   PARSED type=SpawnEntity eid=23314 target=None
22:22:32 [DEBUG] MSG_IN 0x0020 SpawnEntity dir=IN body_len=293
22:22:32 [DEBUG]   PARSED type=SpawnEntity eid=14233 target=None
22:22:32 [DEBUG] MSG_IN 0x0020 SpawnEntity dir=IN body_len=199
22:22:32 [DEBUG]   PARSED type=SpawnEntity eid=18631 target=None
22:22:32 [DEBUG] MSG_IN 0x0020 SpawnEntity dir=IN body_len=293
22:22:32 [DEBUG]   PARSED type=SpawnEntity eid=20830 target=None
22:22:32 [DEBUG] MSG_IN 0x0020 SpawnEntity dir=IN body_len=293
22:22:32 [DEBUG]   PARSED type=SpawnEntity eid=14243 target=None
22:22:32 [DEBUG] MSG_IN 0x0020 SpawnEntity dir=IN body_len=293
22:22:32 [DEBUG]   PARSED type=SpawnEntity eid=20824 target=None
22:22:32 [DEBUG] MSG_IN 0x0020 SpawnEntity dir=IN body_len=156
22:22:32 [DEBUG]   PARSED type=SpawnEntity eid=23245 target=None
22:22:32 [DEBUG] MSG_IN 0x0020 SpawnEntity dir=IN body_len=156
22:22:32 [DEBUG]   PARSED type=SpawnEntity eid=23201 target=None
22:22:32 [DEBUG] MSG_IN 0x0020 SpawnEntity dir=IN body_len=156
22:22:32 [DEBUG]   PARSED type=SpawnEntity eid=21609 target=None
22:22:32 [DEBUG] MSG_IN 0x0020 SpawnEntity dir=IN body_len=156
22:22:32 [DEBUG]   PARSED type=SpawnEntity eid=23318 target=None
22:22:32 [DEBUG] MSG_IN 0x0020 SpawnEntity dir=IN body_len=170
22:22:32 [DEBUG]   PARSED type=SpawnEntity eid=21604 target=None
22:22:32 [DEBUG] MSG_IN 0x0020 SpawnEntity dir=IN body_len=214
22:22:32 [DEBUG]   PARSED type=SpawnEntity eid=12625 target=None
22:22:32 [DEBUG] MSG_IN 0x0020 SpawnEntity dir=IN body_len=293
22:22:32 [DEBUG]   PARSED type=SpawnEntity eid=10718 target=None
22:22:32 [DEBUG] MSG_IN 0x0020 SpawnEntity dir=IN body_len=293
22:22:32 [DEBUG]   PARSED type=SpawnEntity eid=10720 target=None
22:22:32 [DEBUG] MSG_IN 0x0020 SpawnEntity dir=IN body_len=402
22:22:32 [DEBUG]   PARSED type=SpawnEntity eid=10721 target=None
22:22:32 [DEBUG] MSG_IN 0x0020 SpawnEntity dir=IN body_len=154
22:22:32 [DEBUG]   PARSED type=SpawnEntity eid=13737 target=None
22:22:32 [DEBUG] MSG_IN 0x0020 SpawnEntity dir=IN body_len=292
22:22:32 [DEBUG]   PARSED type=SpawnEntity eid=10719 target=None
22:22:32 [DEBUG] MSG_IN 0x0020 SpawnEntity dir=IN body_len=213
22:22:32 [DEBUG]   PARSED type=SpawnEntity eid=11936 target=None
22:22:32 [DEBUG] MSG_IN 0x0020 SpawnEntity dir=IN body_len=293
22:22:32 [DEBUG]   PARSED type=SpawnEntity eid=21987 target=None
22:22:32 [DEBUG] MSG_IN 0x0020 SpawnEntity dir=IN body_len=236
22:22:32 [DEBUG]   PARSED type=SpawnEntity eid=12575 target=None
22:22:32 [DEBUG] MSG_IN 0x0020 SpawnEntity dir=IN body_len=416
22:22:32 [DEBUG]   PARSED type=SpawnEntity eid=23222 target=None
22:22:32 [DEBUG] MSG_IN 0x0020 SpawnEntity dir=IN body_len=228
22:22:32 [DEBUG]   PARSED type=SpawnEntity eid=12723 target=None
22:22:32 [DEBUG] MSG_IN 0x0020 SpawnEntity dir=IN body_len=212
22:22:32 [DEBUG]   PARSED type=SpawnEntity eid=21197 target=None
22:22:32 [DEBUG] MSG_IN 0x0020 SpawnEntity dir=IN body_len=293
22:22:32 [DEBUG]   PARSED type=SpawnEntity eid=14221 target=None
22:22:32 [DEBUG] MSG_IN 0x0020 SpawnEntity dir=IN body_len=293
22:22:32 [DEBUG]   PARSED type=SpawnEntity eid=14232 target=None
22:22:32 [DEBUG] MSG_IN 0x0020 SpawnEntity dir=IN body_len=292
22:22:32 [DEBUG]   PARSED type=SpawnEntity eid=14228 target=None
22:22:32 [DEBUG] MSG_IN 0x0020 SpawnEntity dir=IN body_len=292
22:22:32 [DEBUG]   PARSED type=SpawnEntity eid=14234 target=None
22:22:32 [DEBUG] MSG_IN 0x0020 SpawnEntity dir=IN body_len=293
22:22:32 [DEBUG]   PARSED type=SpawnEntity eid=14224 target=None
22:22:32 [DEBUG] MSG_IN 0x0020 SpawnEntity dir=IN body_len=293
22:22:32 [DEBUG]   PARSED type=SpawnEntity eid=14217 target=None
22:22:32 [DEBUG] MSG_IN 0x0020 SpawnEntity dir=IN body_len=293
22:22:32 [DEBUG]   PARSED type=SpawnEntity eid=14215 target=None
22:22:32 [DEBUG] MSG_IN 0x0020 SpawnEntity dir=IN body_len=173
22:22:32 [DEBUG]   PARSED type=SpawnEntity eid=16924 target=None
22:22:32 [DEBUG] MSG_IN 0x0020 SpawnEntity dir=IN body_len=293
22:22:32 [DEBUG]   PARSED type=SpawnEntity eid=17138 target=None
22:22:32 [DEBUG] MSG_IN 0x0020 SpawnEntity dir=IN body_len=163
22:22:32 [DEBUG]   PARSED type=SpawnEntity eid=21136 target=None
22:22:32 [DEBUG] MSG_IN 0x0020 SpawnEntity dir=IN body_len=402
22:22:32 [DEBUG]   PARSED type=SpawnEntity eid=17132 target=None
22:22:32 [DEBUG] MSG_IN 0x0020 SpawnEntity dir=IN body_len=293
22:22:32 [DEBUG]   PARSED type=SpawnEntity eid=11874 target=None
22:22:32 [DEBUG] MSG_IN 0x0020 SpawnEntity dir=IN body_len=293
22:22:32 [DEBUG]   PARSED type=SpawnEntity eid=10726 target=None
22:22:32 [DEBUG] MSG_IN 0x0020 SpawnEntity dir=IN body_len=406
22:22:32 [DEBUG]   PARSED type=SpawnEntity eid=10727 target=None
22:22:32 [DEBUG] MSG_IN 0x0020 SpawnEntity dir=IN body_len=214
22:22:32 [DEBUG]   PARSED type=SpawnEntity eid=22890 target=None
22:22:32 [DEBUG] MSG_IN 0x0020 SpawnEntity dir=IN body_len=197
22:22:32 [DEBUG]   PARSED type=SpawnEntity eid=11687 target=None
22:22:32 [DEBUG] MSG_IN 0x0020 SpawnEntity dir=IN body_len=218
22:22:32 [DEBUG]   PARSED type=SpawnEntity eid=22653 target=None
22:22:32 [DEBUG] MSG_IN 0x0020 SpawnEntity dir=IN body_len=218
22:22:32 [DEBUG]   PARSED type=SpawnEntity eid=22376 target=None
22:22:32 [DEBUG] MSG_IN 0x0020 SpawnEntity dir=IN body_len=197
22:22:32 [DEBUG]   PARSED type=SpawnEntity eid=13360 target=None
22:22:32 [DEBUG] MSG_IN 0x0020 SpawnEntity dir=IN body_len=154
22:22:32 [DEBUG]   PARSED type=SpawnEntity eid=20813 target=None
22:22:32 [DEBUG] MSG_IN 0x0020 SpawnEntity dir=IN body_len=160
22:22:32 [DEBUG]   PARSED type=SpawnEntity eid=17018 target=None
22:22:32 [DEBUG] MSG_IN 0x0020 SpawnEntity dir=IN body_len=155
22:22:32 [DEBUG]   PARSED type=SpawnEntity eid=22720 target=None
22:22:32 [DEBUG] MSG_IN 0x0020 SpawnEntity dir=IN body_len=402
22:22:32 [DEBUG]   PARSED type=SpawnEntity eid=14177 target=None
22:22:32 [DEBUG] MSG_IN 0x0020 SpawnEntity dir=IN body_len=407
22:22:32 [DEBUG]   PARSED type=SpawnEntity eid=20845 target=None
22:22:32 [DEBUG] MSG_IN 0x0020 SpawnEntity dir=IN body_len=410
22:22:32 [DEBUG]   PARSED type=SpawnEntity eid=14198 target=None
22:22:32 [DEBUG] MSG_IN 0x0020 SpawnEntity dir=IN body_len=293
22:22:32 [DEBUG]   PARSED type=SpawnEntity eid=20848 target=None
22:22:32 [DEBUG] MSG_IN 0x0020 SpawnEntity dir=IN body_len=292
22:22:32 [DEBUG]   PARSED type=SpawnEntity eid=14179 target=None
22:22:32 [DEBUG] MSG_IN 0x0020 SpawnEntity dir=IN body_len=143
22:22:32 [DEBUG]   PARSED type=SpawnEntity eid=19880 target=None
22:22:32 [DEBUG] MSG_IN 0x0020 SpawnEntity dir=IN body_len=155
22:22:32 [DEBUG]   PARSED type=SpawnEntity eid=21657 target=None
22:22:32 [DEBUG] MSG_IN 0x0020 SpawnEntity dir=IN body_len=211
22:22:32 [DEBUG]   PARSED type=SpawnEntity eid=11925 target=None
22:22:32 [DEBUG] MSG_IN 0x0020 SpawnEntity dir=IN body_len=165
22:22:32 [DEBUG]   PARSED type=SpawnEntity eid=20252 target=None
22:22:32 [DEBUG] MSG_IN 0x0020 SpawnEntity dir=IN body_len=154
22:22:32 [DEBUG]   PARSED type=SpawnEntity eid=17282 target=None
22:22:32 [DEBUG] MSG_IN 0x0020 SpawnEntity dir=IN body_len=293
22:22:32 [DEBUG]   PARSED type=SpawnEntity eid=20593 target=None
22:22:32 [DEBUG] MSG_IN 0x0020 SpawnEntity dir=IN body_len=160
22:22:32 [DEBUG]   PARSED type=SpawnEntity eid=11880 target=None
22:22:32 [DEBUG] MSG_IN 0x0020 SpawnEntity dir=IN body_len=293
22:22:32 [DEBUG]   PARSED type=SpawnEntity eid=20888 target=None
22:22:32 [DEBUG] MSG_IN 0x0020 SpawnEntity dir=IN body_len=410
22:22:32 [DEBUG]   PARSED type=SpawnEntity eid=10729 target=None
22:22:32 [DEBUG] MSG_IN 0x0020 SpawnEntity dir=IN body_len=293
22:22:32 [DEBUG]   PARSED type=SpawnEntity eid=20916 target=None
22:22:32 [DEBUG] MSG_IN 0x0020 SpawnEntity dir=IN body_len=197
22:22:32 [DEBUG]   PARSED type=SpawnEntity eid=21042 target=None
22:22:32 [DEBUG] MSG_IN 0x0020 SpawnEntity dir=IN body_len=164
22:22:32 [DEBUG]   PARSED type=SpawnEntity eid=23901 target=None
22:22:32 [DEBUG] MSG_IN 0x0020 SpawnEntity dir=IN body_len=293
22:22:32 [DEBUG]   PARSED type=SpawnEntity eid=20874 target=None
22:22:32 [DEBUG] MSG_IN 0x0020 SpawnEntity dir=IN body_len=293
22:22:32 [DEBUG]   PARSED type=SpawnEntity eid=20862 target=None
22:22:32 [DEBUG] MSG_IN 0x0020 SpawnEntity dir=IN body_len=293
22:22:32 [DEBUG]   PARSED type=SpawnEntity eid=14194 target=None
22:22:32 [DEBUG] MSG_IN 0x0020 SpawnEntity dir=IN body_len=404
22:22:32 [DEBUG]   PARSED type=SpawnEntity eid=14180 target=None
22:22:32 [DEBUG] MSG_IN 0x0020 SpawnEntity dir=IN body_len=406
22:22:32 [DEBUG]   PARSED type=SpawnEntity eid=14190 target=None
22:22:32 [DEBUG] MSG_IN 0x0020 SpawnEntity dir=IN body_len=400
22:22:32 [DEBUG]   PARSED type=SpawnEntity eid=14191 target=None
22:22:32 [DEBUG] MSG_IN 0x0020 SpawnEntity dir=IN body_len=292
22:22:32 [DEBUG]   PARSED type=SpawnEntity eid=14193 target=None
22:22:32 [DEBUG] MSG_IN 0x0020 SpawnEntity dir=IN body_len=293
22:22:32 [DEBUG]   PARSED type=SpawnEntity eid=14184 target=None
22:22:32 [DEBUG] MSG_IN 0x0020 SpawnEntity dir=IN body_len=143
22:22:32 [DEBUG]   PARSED type=SpawnEntity eid=19987 target=None
22:22:32 [DEBUG] MSG_IN 0x0020 SpawnEntity dir=IN body_len=460
22:22:32 [DEBUG]   PARSED type=SpawnEntity eid=23073 target=None
22:22:32 [DEBUG] MSG_IN 0x0020 SpawnEntity dir=IN body_len=211
22:22:32 [DEBUG]   PARSED type=SpawnEntity eid=17285 target=None
22:22:32 [DEBUG] MSG_IN 0x0020 SpawnEntity dir=IN body_len=197
22:22:32 [DEBUG]   PARSED type=SpawnEntity eid=20918 target=None
22:22:32 [DEBUG] MSG_IN 0x0020 SpawnEntity dir=IN body_len=168
22:22:32 [DEBUG]   PARSED type=SpawnEntity eid=11046 target=None
22:22:32 [DEBUG] MSG_IN 0x0020 SpawnEntity dir=IN body_len=230
22:22:32 [DEBUG]   PARSED type=SpawnEntity eid=21090 target=None
22:22:32 [DEBUG] MSG_IN 0x0020 SpawnEntity dir=IN body_len=169
22:22:32 [DEBUG]   PARSED type=SpawnEntity eid=24011 target=None
22:22:32 [DEBUG] MSG_IN 0x0020 SpawnEntity dir=IN body_len=211
22:22:32 [DEBUG]   PARSED type=SpawnEntity eid=20837 target=None
22:22:32 [DEBUG] MSG_UNKNOWN_NEW 0x0006 dir=IN len=0 body=
22:22:32 [DEBUG] MSG_UNKNOWN_NEW 0x0015 dir=OUT len=5 body=6d 5e 00 00 00
22:22:32 [DEBUG] MSG_IN 0x0020 SpawnEntity dir=IN body_len=164
22:22:32 [DEBUG]   PARSED type=SpawnEntity eid=13380 target=None
22:22:33 [DEBUG] MSG_IN 0x0020 SpawnEntity dir=IN body_len=167
22:22:33 [DEBUG]   PARSED type=SpawnEntity eid=23192 target=None
22:22:33 [DEBUG] MSG_IN 0x0020 SpawnEntity dir=IN body_len=167
22:22:33 [DEBUG]   PARSED type=SpawnEntity eid=23194 target=None
22:22:33 [DEBUG] MSG_IN 0x0020 SpawnEntity dir=IN body_len=167
22:22:33 [DEBUG]   PARSED type=SpawnEntity eid=23214 target=None
22:22:33 [DEBUG] MSG_IN 0x0020 SpawnEntity dir=IN body_len=168
22:22:33 [DEBUG]   PARSED type=SpawnEntity eid=12702 target=None
22:22:33 [DEBUG] MSG_IN 0x0020 SpawnEntity dir=IN body_len=167
22:22:33 [DEBUG]   PARSED type=SpawnEntity eid=24211 target=None
22:22:33 [DEBUG] MSG_IN 0x0020 SpawnEntity dir=IN body_len=167
22:22:33 [DEBUG]   PARSED type=SpawnEntity eid=24252 target=None
22:22:34 [DEBUG] MSG_IN 0x0022 UpdateHealth dir=IN body_len=12
22:22:34 [DEBUG]   PARSED type=UpdateHealth eid=24173 target=None
22:22:34 [DEBUG] MSG_IN 0x0023 UpdateMana dir=IN body_len=12
22:22:34 [DEBUG]   PARSED type=UpdateMana eid=24173 target=None
22:22:34 [DEBUG] MSG_IN 0x022F UpdateEndurance dir=IN body_len=12
22:22:34 [DEBUG]   PARSED type=UpdateEndurance eid=24173 target=None
22:22:35 [DEBUG] MSG_IN 0x0020 SpawnEntity dir=IN body_len=164
22:22:35 [DEBUG]   PARSED type=SpawnEntity eid=13380 target=None
22:22:35 [DEBUG] MSG_IN 0x0020 SpawnEntity dir=IN body_len=167
22:22:35 [DEBUG]   PARSED type=SpawnEntity eid=23192 target=None
22:22:35 [DEBUG] MSG_IN 0x0020 SpawnEntity dir=IN body_len=167
22:22:35 [DEBUG]   PARSED type=SpawnEntity eid=23194 target=None
22:22:35 [DEBUG] MSG_IN 0x0020 SpawnEntity dir=IN body_len=167
22:22:35 [DEBUG]   PARSED type=SpawnEntity eid=23214 target=None
22:22:35 [DEBUG] MSG_IN 0x0020 SpawnEntity dir=IN body_len=168
22:22:35 [DEBUG]   PARSED type=SpawnEntity eid=12702 target=None
22:22:35 [DEBUG] MSG_IN 0x0020 SpawnEntity dir=IN body_len=167
22:22:35 [DEBUG]   PARSED type=SpawnEntity eid=24211 target=None
22:22:35 [DEBUG] MSG_IN 0x0020 SpawnEntity dir=IN body_len=167
22:22:35 [DEBUG]   PARSED type=SpawnEntity eid=24252 target=None
22:22:36 [DEBUG] MSG_IN 0x0022 UpdateHealth dir=IN body_len=12
22:22:36 [DEBUG]   PARSED type=UpdateHealth eid=13380 target=None
22:22:36 [DEBUG] MSG_IN 0x0022 UpdateHealth dir=IN body_len=12
22:22:36 [DEBUG]   PARSED type=UpdateHealth eid=23901 target=None
